{"/home/travis/build/npmtest/node-npmtest-verb/test.js":{"path":"/home/travis/build/npmtest/node-npmtest-verb/test.js","s":{"1":2,"2":2,"3":2,"4":2,"5":2,"6":2,"7":2,"8":1,"9":2,"10":2,"11":1,"12":1,"13":1,"14":1,"15":2,"16":2,"17":2,"18":2,"19":1,"20":1,"21":2,"22":2,"23":2,"24":1,"25":1,"26":1,"27":1,"28":1,"29":1,"30":1,"31":1,"32":1,"33":1,"34":1,"35":1,"36":1,"37":1,"38":1,"39":2,"40":2,"41":1,"42":2,"43":2,"44":1,"45":2,"46":2,"47":1,"48":2,"49":2,"50":1,"51":1,"52":1,"53":1,"54":1},"b":{"1":[2,1,1,1],"2":[1,1,1,1],"3":[1,1],"4":[1,1],"5":[1,1],"6":[1,1],"7":[1,1],"8":[1,1],"9":[1,1],"10":[1,1,1],"11":[1,1],"12":[1,1],"13":[1,1],"14":[1,1],"15":[1,1],"16":[1,1],"17":[1,1]},"f":{"1":2,"2":2,"3":2,"4":2,"5":2,"6":1,"7":1,"8":1,"9":2,"10":2,"11":2,"12":2,"13":1},"fnMap":{"1":{"name":"(anonymous_1)","line":12,"loc":{"start":{"line":12,"column":1},"end":{"line":12,"column":13}}},"2":{"name":"(anonymous_2)","line":19,"loc":{"start":{"line":19,"column":5},"end":{"line":19,"column":17}}},"3":{"name":"(anonymous_3)","line":23,"loc":{"start":{"line":23,"column":24},"end":{"line":23,"column":36}}},"4":{"name":"(anonymous_4)","line":61,"loc":{"start":{"line":61,"column":5},"end":{"line":61,"column":17}}},"5":{"name":"(anonymous_5)","line":82,"loc":{"start":{"line":82,"column":5},"end":{"line":82,"column":17}}},"6":{"name":"(anonymous_6)","line":91,"loc":{"start":{"line":91,"column":77},"end":{"line":94,"column":10}}},"7":{"name":"(anonymous_7)","line":112,"loc":{"start":{"line":112,"column":83},"end":{"line":115,"column":10}},"skip":true},"8":{"name":"(anonymous_8)","line":123,"loc":{"start":{"line":123,"column":77},"end":{"line":126,"column":10}},"skip":true},"9":{"name":"(anonymous_9)","line":139,"loc":{"start":{"line":139,"column":12},"end":{"line":139,"column":40}},"skip":true},"10":{"name":"(anonymous_10)","line":147,"loc":{"start":{"line":147,"column":77},"end":{"line":150,"column":10}},"skip":true},"11":{"name":"(anonymous_11)","line":158,"loc":{"start":{"line":158,"column":83},"end":{"line":161,"column":10}},"skip":true},"12":{"name":"(anonymous_12)","line":169,"loc":{"start":{"line":169,"column":79},"end":{"line":172,"column":10}},"skip":true},"13":{"name":"(anonymous_13)","line":180,"loc":{"start":{"line":180,"column":75},"end":{"line":183,"column":10}},"skip":true}},"statementMap":{"1":{"start":{"line":12,"column":0},"end":{"line":195,"column":5}},"2":{"start":{"line":14,"column":4},"end":{"line":14,"column":14}},"3":{"start":{"line":19,"column":4},"end":{"line":56,"column":9}},"4":{"start":{"line":21,"column":8},"end":{"line":21,"column":19}},"5":{"start":{"line":23,"column":8},"end":{"line":35,"column":13}},"6":{"start":{"line":24,"column":12},"end":{"line":34,"column":13}},"7":{"start":{"line":25,"column":16},"end":{"line":28,"column":30}},"8":{"start":{"line":30,"column":16},"end":{"line":33,"column":27}},"9":{"start":{"line":37,"column":8},"end":{"line":39,"column":21}},"10":{"start":{"line":40,"column":8},"end":{"line":53,"column":9}},"11":{"start":{"line":43,"column":12},"end":{"line":46,"column":14}},"12":{"start":{"line":47,"column":12},"end":{"line":47,"column":18}},"13":{"start":{"line":50,"column":12},"end":{"line":51,"column":33}},"14":{"start":{"line":52,"column":12},"end":{"line":52,"column":18}},"15":{"start":{"line":55,"column":8},"end":{"line":55,"column":35}},"16":{"start":{"line":61,"column":4},"end":{"line":63,"column":9}},"17":{"start":{"line":62,"column":8},"end":{"line":62,"column":15}},"18":{"start":{"line":64,"column":4},"end":{"line":77,"column":5}},"19":{"start":{"line":70,"column":8},"end":{"line":70,"column":14}},"20":{"start":{"line":76,"column":8},"end":{"line":76,"column":14}},"21":{"start":{"line":82,"column":4},"end":{"line":84,"column":9}},"22":{"start":{"line":83,"column":8},"end":{"line":83,"column":15}},"23":{"start":{"line":85,"column":4},"end":{"line":194,"column":5}},"24":{"start":{"line":91,"column":8},"end":{"line":99,"column":10}},"25":{"start":{"line":98,"column":12},"end":{"line":98,"column":35}},"26":{"start":{"line":102,"column":8},"end":{"line":104,"column":63}},"27":{"start":{"line":105,"column":8},"end":{"line":105,"column":14}},"28":{"start":{"line":112,"column":8},"end":{"line":121,"column":10},"skip":true},"29":{"start":{"line":119,"column":12},"end":{"line":119,"column":55},"skip":true},"30":{"start":{"line":120,"column":12},"end":{"line":120,"column":48},"skip":true},"31":{"start":{"line":123,"column":8},"end":{"line":136,"column":10},"skip":true},"32":{"start":{"line":130,"column":12},"end":{"line":130,"column":76},"skip":true},"33":{"start":{"line":131,"column":12},"end":{"line":131,"column":73},"skip":true},"34":{"start":{"line":132,"column":12},"end":{"line":132,"column":74},"skip":true},"35":{"start":{"line":133,"column":12},"end":{"line":133,"column":79},"skip":true},"36":{"start":{"line":134,"column":12},"end":{"line":134,"column":25},"skip":true},"37":{"start":{"line":135,"column":12},"end":{"line":135,"column":45},"skip":true},"38":{"start":{"line":138,"column":8},"end":{"line":145,"column":14},"skip":true},"39":{"start":{"line":143,"column":16},"end":{"line":143,"column":29},"skip":true},"40":{"start":{"line":144,"column":16},"end":{"line":144,"column":55},"skip":true},"41":{"start":{"line":147,"column":8},"end":{"line":156,"column":10},"skip":true},"42":{"start":{"line":154,"column":12},"end":{"line":154,"column":25},"skip":true},"43":{"start":{"line":155,"column":12},"end":{"line":155,"column":45},"skip":true},"44":{"start":{"line":158,"column":8},"end":{"line":167,"column":10},"skip":true},"45":{"start":{"line":165,"column":12},"end":{"line":165,"column":25},"skip":true},"46":{"start":{"line":166,"column":12},"end":{"line":166,"column":48},"skip":true},"47":{"start":{"line":169,"column":8},"end":{"line":178,"column":10},"skip":true},"48":{"start":{"line":176,"column":12},"end":{"line":176,"column":25},"skip":true},"49":{"start":{"line":177,"column":12},"end":{"line":177,"column":46},"skip":true},"50":{"start":{"line":180,"column":8},"end":{"line":189,"column":10},"skip":true},"51":{"start":{"line":187,"column":12},"end":{"line":187,"column":94},"skip":true},"52":{"start":{"line":188,"column":12},"end":{"line":188,"column":48},"skip":true},"53":{"start":{"line":192,"column":8},"end":{"line":192,"column":35},"skip":true},"54":{"start":{"line":193,"column":8},"end":{"line":193,"column":14},"skip":true}},"branchMap":{"1":{"line":25,"type":"binary-expr","locations":[{"start":{"line":25,"column":23},"end":{"line":25,"column":62}},{"start":{"line":26,"column":20},"end":{"line":26,"column":70}},{"start":{"line":27,"column":20},"end":{"line":27,"column":71}},{"start":{"line":28,"column":20},"end":{"line":28,"column":29}}]},"2":{"line":30,"type":"binary-expr","locations":[{"start":{"line":30,"column":23},"end":{"line":30,"column":37}},{"start":{"line":31,"column":20},"end":{"line":31,"column":61}},{"start":{"line":32,"column":20},"end":{"line":32,"column":70}},{"start":{"line":33,"column":20},"end":{"line":33,"column":26}}]},"3":{"line":37,"type":"cond-expr","locations":[{"start":{"line":38,"column":14},"end":{"line":38,"column":20}},{"start":{"line":39,"column":14},"end":{"line":39,"column":20}}]},"4":{"line":40,"type":"switch","locations":[{"start":{"line":42,"column":8},"end":{"line":47,"column":18}},{"start":{"line":49,"column":8},"end":{"line":52,"column":18}}]},"5":{"line":44,"type":"binary-expr","locations":[{"start":{"line":44,"column":16},"end":{"line":44,"column":44}},{"start":{"line":44,"column":48},"end":{"line":44,"column":66}}]},"6":{"line":50,"type":"binary-expr","locations":[{"start":{"line":50,"column":21},"end":{"line":50,"column":49}},{"start":{"line":50,"column":53},"end":{"line":50,"column":72}}]},"7":{"line":64,"type":"switch","locations":[{"start":{"line":69,"column":4},"end":{"line":70,"column":14}},{"start":{"line":75,"column":4},"end":{"line":76,"column":14}}]},"8":{"line":85,"type":"switch","locations":[{"start":{"line":90,"column":4},"end":{"line":105,"column":14}},{"start":{"line":111,"column":4},"end":{"line":193,"column":14},"skip":true}]},"9":{"line":91,"type":"binary-expr","locations":[{"start":{"line":91,"column":42},"end":{"line":91,"column":73}},{"start":{"line":91,"column":77},"end":{"line":99,"column":9}}]},"10":{"line":102,"type":"binary-expr","locations":[{"start":{"line":102,"column":18},"end":{"line":102,"column":32}},{"start":{"line":103,"column":12},"end":{"line":103,"column":53}},{"start":{"line":104,"column":12},"end":{"line":104,"column":61}}]},"11":{"line":112,"type":"binary-expr","locations":[{"start":{"line":112,"column":45},"end":{"line":112,"column":79},"skip":true},{"start":{"line":112,"column":83},"end":{"line":121,"column":9},"skip":true}]},"12":{"line":123,"type":"binary-expr","locations":[{"start":{"line":123,"column":42},"end":{"line":123,"column":73},"skip":true},{"start":{"line":123,"column":77},"end":{"line":136,"column":9},"skip":true}]},"13":{"line":138,"type":"binary-expr","locations":[{"start":{"line":138,"column":48},"end":{"line":138,"column":85},"skip":true},{"start":{"line":139,"column":12},"end":{"line":145,"column":13},"skip":true}]},"14":{"line":147,"type":"binary-expr","locations":[{"start":{"line":147,"column":42},"end":{"line":147,"column":73},"skip":true},{"start":{"line":147,"column":77},"end":{"line":156,"column":9},"skip":true}]},"15":{"line":158,"type":"binary-expr","locations":[{"start":{"line":158,"column":45},"end":{"line":158,"column":79},"skip":true},{"start":{"line":158,"column":83},"end":{"line":167,"column":9},"skip":true}]},"16":{"line":169,"type":"binary-expr","locations":[{"start":{"line":169,"column":43},"end":{"line":169,"column":75},"skip":true},{"start":{"line":169,"column":79},"end":{"line":178,"column":9},"skip":true}]},"17":{"line":180,"type":"binary-expr","locations":[{"start":{"line":180,"column":41},"end":{"line":180,"column":71},"skip":true},{"start":{"line":180,"column":75},"end":{"line":189,"column":9},"skip":true}]}},"code":["/* istanbul instrument in package npmtest_verb */","/*jslint","    bitwise: true,","    browser: true,","    maxerr: 8,","    maxlen: 96,","    node: true,","    nomen: true,","    regexp: true,","    stupid: true","*/","(function () {","    'use strict';","    var local;","","","","    // run shared js-env code - init-before","    (function () {","        // init local","        local = {};","        // init modeJs","        local.modeJs = (function () {","            try {","                return typeof navigator.userAgent === 'string' &&","                    typeof document.querySelector('body') === 'object' &&","                    typeof XMLHttpRequest.prototype.open === 'function' &&","                    'browser';","            } catch (errorCaughtBrowser) {","                return module.exports &&","                    typeof process.versions.node === 'string' &&","                    typeof require('http').createServer === 'function' &&","                    'node';","            }","        }());","        // init global","        local.global = local.modeJs === 'browser'","            ? window","            : global;","        switch (local.modeJs) {","        // re-init local from window.local","        case 'browser':","            local = local.global.utility2.objectSetDefault(","                local.global.utility2_rollup || local.global.local,","                local.global.utility2","            );","            break;","        // re-init local from example.js","        case 'node':","            local = (local.global.utility2_rollup || require('utility2'))","                .requireReadme();","            break;","        }","        // export local","        local.global.local = local;","    }());","","","","    // run shared js-env code - function","    (function () {","        return;","    }());","    switch (local.modeJs) {","","","","    // run browser js-env code - function","    case 'browser':","        break;","","","","    // run node js-env code - function","    case 'node':","        break;","    }","","","","    // run shared js-env code - init-after","    (function () {","        return;","    }());","    switch (local.modeJs) {","","","","    // run browser js-env code - init-after","    case 'browser':","        local.testCase_browser_nullCase = local.testCase_browser_nullCase || function (","            options,","            onError","        ) {","        /*","         * this function will test browsers's null-case handling-behavior-behavior","         */","            onError(null, options);","        };","","        // run tests","        local.nop(local.modeTest &&","            document.querySelector('#testRunButton1') &&","            document.querySelector('#testRunButton1').click());","        break;","","","","    // run node js-env code - init-after","    /* istanbul ignore next */","    case 'node':","        local.testCase_buildApidoc_default = local.testCase_buildApidoc_default || function (","            options,","            onError","        ) {","        /*","         * this function will test buildApidoc's default handling-behavior-behavior","         */","            options = { modulePathList: module.paths };","            local.buildApidoc(options, onError);","        };","","        local.testCase_buildApp_default = local.testCase_buildApp_default || function (","            options,","            onError","        ) {","        /*","         * this function will test buildApp's default handling-behavior-behavior","         */","            local.testCase_buildReadme_default(options, local.onErrorThrow);","            local.testCase_buildLib_default(options, local.onErrorThrow);","            local.testCase_buildTest_default(options, local.onErrorThrow);","            local.testCase_buildCustomOrg_default(options, local.onErrorThrow);","            options = [];","            local.buildApp(options, onError);","        };","","        local.testCase_buildCustomOrg_default = local.testCase_buildCustomOrg_default ||","            function (options, onError) {","            /*","             * this function will test buildCustomOrg's default handling-behavior","             */","                options = {};","                local.buildCustomOrg(options, onError);","            };","","        local.testCase_buildLib_default = local.testCase_buildLib_default || function (","            options,","            onError","        ) {","        /*","         * this function will test buildLib's default handling-behavior","         */","            options = {};","            local.buildLib(options, onError);","        };","","        local.testCase_buildReadme_default = local.testCase_buildReadme_default || function (","            options,","            onError","        ) {","        /*","         * this function will test buildReadme's default handling-behavior-behavior","         */","            options = {};","            local.buildReadme(options, onError);","        };","","        local.testCase_buildTest_default = local.testCase_buildTest_default || function (","            options,","            onError","        ) {","        /*","         * this function will test buildTest's default handling-behavior","         */","            options = {};","            local.buildTest(options, onError);","        };","","        local.testCase_webpage_default = local.testCase_webpage_default || function (","            options,","            onError","        ) {","        /*","         * this function will test webpage's default handling-behavior","         */","            options = { modeCoverageMerge: true, url: local.serverLocalHost + '?modeTest=1' };","            local.browserTest(options, onError);","        };","","        // run test-server","        local.testRunServer(local);","        break;","    }","}());",""],"l":{"12":2,"14":2,"19":2,"21":2,"23":2,"24":2,"25":2,"30":1,"37":2,"40":2,"43":1,"47":1,"50":1,"52":1,"55":2,"61":2,"62":2,"64":2,"70":1,"76":1,"82":2,"83":2,"85":2,"91":1,"98":1,"102":1,"105":1,"112":1,"119":1,"120":1,"123":1,"130":1,"131":1,"132":1,"133":1,"134":1,"135":1,"138":1,"143":2,"144":2,"147":1,"154":2,"155":2,"158":1,"165":2,"166":2,"169":1,"176":2,"177":2,"180":1,"187":1,"188":1,"192":1,"193":1}},"/home/travis/build/npmtest/node-npmtest-verb/lib.npmtest_verb.js":{"path":"/home/travis/build/npmtest/node-npmtest-verb/lib.npmtest_verb.js","s":{"1":2,"2":2,"3":2,"4":2,"5":2,"6":2,"7":2,"8":1,"9":2,"10":2,"11":2,"12":2,"13":1,"14":1,"15":1,"16":1},"b":{"1":[2,1,1,1],"2":[1,1,1,1],"3":[1,1],"4":[2,2],"5":[1,1]},"f":{"1":2,"2":2,"3":2},"fnMap":{"1":{"name":"(anonymous_1)","line":12,"loc":{"start":{"line":12,"column":1},"end":{"line":12,"column":13}}},"2":{"name":"(anonymous_2)","line":19,"loc":{"start":{"line":19,"column":5},"end":{"line":19,"column":17}}},"3":{"name":"(anonymous_3)","line":23,"loc":{"start":{"line":23,"column":24},"end":{"line":23,"column":36}}}},"statementMap":{"1":{"start":{"line":12,"column":0},"end":{"line":53,"column":5}},"2":{"start":{"line":14,"column":4},"end":{"line":14,"column":14}},"3":{"start":{"line":19,"column":4},"end":{"line":52,"column":9}},"4":{"start":{"line":21,"column":8},"end":{"line":21,"column":19}},"5":{"start":{"line":23,"column":8},"end":{"line":35,"column":13}},"6":{"start":{"line":24,"column":12},"end":{"line":34,"column":13}},"7":{"start":{"line":25,"column":16},"end":{"line":28,"column":30}},"8":{"start":{"line":30,"column":16},"end":{"line":33,"column":27}},"9":{"start":{"line":37,"column":8},"end":{"line":39,"column":21}},"10":{"start":{"line":41,"column":8},"end":{"line":41,"column":54}},"11":{"start":{"line":43,"column":8},"end":{"line":43,"column":49}},"12":{"start":{"line":45,"column":8},"end":{"line":51,"column":9}},"13":{"start":{"line":46,"column":12},"end":{"line":46,"column":55}},"14":{"start":{"line":48,"column":12},"end":{"line":48,"column":35}},"15":{"start":{"line":49,"column":12},"end":{"line":49,"column":49}},"16":{"start":{"line":50,"column":12},"end":{"line":50,"column":43}}},"branchMap":{"1":{"line":25,"type":"binary-expr","locations":[{"start":{"line":25,"column":23},"end":{"line":25,"column":62}},{"start":{"line":26,"column":20},"end":{"line":26,"column":70}},{"start":{"line":27,"column":20},"end":{"line":27,"column":71}},{"start":{"line":28,"column":20},"end":{"line":28,"column":29}}]},"2":{"line":30,"type":"binary-expr","locations":[{"start":{"line":30,"column":23},"end":{"line":30,"column":37}},{"start":{"line":31,"column":20},"end":{"line":31,"column":61}},{"start":{"line":32,"column":20},"end":{"line":32,"column":70}},{"start":{"line":33,"column":20},"end":{"line":33,"column":26}}]},"3":{"line":37,"type":"cond-expr","locations":[{"start":{"line":38,"column":14},"end":{"line":38,"column":20}},{"start":{"line":39,"column":14},"end":{"line":39,"column":20}}]},"4":{"line":41,"type":"binary-expr","locations":[{"start":{"line":41,"column":16},"end":{"line":41,"column":44}},{"start":{"line":41,"column":48},"end":{"line":41,"column":53}}]},"5":{"line":45,"type":"if","locations":[{"start":{"line":45,"column":8},"end":{"line":45,"column":8}},{"start":{"line":45,"column":8},"end":{"line":45,"column":8}}]}},"code":["/* istanbul instrument in package npmtest_verb */","/*jslint","    bitwise: true,","    browser: true,","    maxerr: 8,","    maxlen: 96,","    node: true,","    nomen: true,","    regexp: true,","    stupid: true","*/","(function () {","    'use strict';","    var local;","","","","    // run shared js-env code - init-before","    (function () {","        // init local","        local = {};","        // init modeJs","        local.modeJs = (function () {","            try {","                return typeof navigator.userAgent === 'string' &&","                    typeof document.querySelector('body') === 'object' &&","                    typeof XMLHttpRequest.prototype.open === 'function' &&","                    'browser';","            } catch (errorCaughtBrowser) {","                return module.exports &&","                    typeof process.versions.node === 'string' &&","                    typeof require('http').createServer === 'function' &&","                    'node';","            }","        }());","        // init global","        local.global = local.modeJs === 'browser'","            ? window","            : global;","        // init utility2_rollup","        local = local.global.utility2_rollup || local;","        // init lib","        local.local = local.npmtest_verb = local;","        // init exports","        if (local.modeJs === 'browser') {","            local.global.utility2_npmtest_verb = local;","        } else {","            module.exports = local;","            module.exports.__dirname = __dirname;","            module.exports.module = module;","        }","    }());","}());",""],"l":{"12":2,"14":2,"19":2,"21":2,"23":2,"24":2,"25":2,"30":1,"37":2,"41":2,"43":2,"45":2,"46":1,"48":1,"49":1,"50":1}},"/home/travis/build/npmtest/node-npmtest-verb/example.js":{"path":"/home/travis/build/npmtest/node-npmtest-verb/example.js","s":{"1":2,"2":2,"3":2,"4":2,"5":2,"6":2,"7":2,"8":1,"9":2,"10":2,"11":2,"12":2,"13":1,"14":2,"15":2,"16":2,"17":2,"18":2,"19":0,"20":2,"21":1,"22":1,"23":1,"24":1,"25":1,"26":0,"27":0,"28":1,"29":1,"30":2,"31":0,"32":0,"33":0,"34":1,"35":2,"36":2,"37":3,"38":3,"39":3,"40":3,"41":0,"42":3,"43":3,"44":3,"45":1,"46":3,"47":1,"48":1,"49":1,"50":1,"51":1,"52":1,"53":1,"54":1,"55":1,"56":1,"57":0,"58":1,"59":6,"60":6,"61":1,"62":2,"63":0,"64":2,"65":1,"66":1,"67":0,"68":0,"69":0,"70":0,"71":0,"72":0,"73":0,"74":0,"75":0,"76":0,"77":0,"78":0,"79":0,"80":0,"81":0,"82":0,"83":0},"b":{"1":[2,1,1,1],"2":[1,1,1,1],"3":[1,1],"4":[2,2],"5":[1,1],"6":[1,1],"7":[2,0],"8":[2,1,1,1,1,1],"9":[0,2,0],"10":[1,1],"11":[2,1,1],"12":[1,0],"13":[0,2],"14":[2,0,0,0,0,0,0],"15":[0,3],"16":[3,0],"17":[1,1],"18":[0,1],"19":[1,2,0,2],"20":[1,0],"21":[1,1],"22":[0,0],"23":[0,0],"24":[0,0],"25":[0,0],"26":[0,0],"27":[0,0],"28":[0,0]},"f":{"1":2,"2":2,"3":2,"4":2,"5":2,"6":2,"7":3,"8":3,"9":3,"10":1,"11":6,"12":0},"fnMap":{"1":{"name":"(anonymous_1)","line":26,"loc":{"start":{"line":26,"column":1},"end":{"line":26,"column":13}}},"2":{"name":"(anonymous_2)","line":33,"loc":{"start":{"line":33,"column":5},"end":{"line":33,"column":17}}},"3":{"name":"(anonymous_3)","line":37,"loc":{"start":{"line":37,"column":24},"end":{"line":37,"column":36}}},"4":{"name":"(anonymous_4)","line":69,"loc":{"start":{"line":69,"column":31},"end":{"line":69,"column":48}},"skip":true},"5":{"name":"(anonymous_5)","line":78,"loc":{"start":{"line":78,"column":26},"end":{"line":78,"column":45}},"skip":true},"6":{"name":"(anonymous_6)","line":123,"loc":{"start":{"line":123,"column":33},"end":{"line":123,"column":48}},"skip":true},"7":{"name":"(anonymous_7)","line":125,"loc":{"start":{"line":125,"column":27},"end":{"line":125,"column":39}},"skip":true},"8":{"name":"(anonymous_8)","line":133,"loc":{"start":{"line":133,"column":59},"end":{"line":133,"column":74}},"skip":true},"9":{"name":"(anonymous_9)","line":143,"loc":{"start":{"line":143,"column":45},"end":{"line":143,"column":62}},"skip":true},"10":{"name":"(anonymous_10)","line":144,"loc":{"start":{"line":144,"column":73},"end":{"line":144,"column":92}},"skip":true},"11":{"name":"(anonymous_11)","line":272,"loc":{"start":{"line":272,"column":51},"end":{"line":272,"column":77}},"skip":true},"12":{"name":"(anonymous_12)","line":315,"loc":{"start":{"line":315,"column":32},"end":{"line":315,"column":61}},"skip":true}},"statementMap":{"1":{"start":{"line":26,"column":0},"end":{"line":326,"column":5}},"2":{"start":{"line":28,"column":4},"end":{"line":28,"column":14}},"3":{"start":{"line":33,"column":4},"end":{"line":60,"column":9}},"4":{"start":{"line":35,"column":8},"end":{"line":35,"column":19}},"5":{"start":{"line":37,"column":8},"end":{"line":49,"column":13}},"6":{"start":{"line":38,"column":12},"end":{"line":48,"column":13}},"7":{"start":{"line":39,"column":16},"end":{"line":42,"column":30}},"8":{"start":{"line":44,"column":16},"end":{"line":47,"column":27}},"9":{"start":{"line":51,"column":8},"end":{"line":53,"column":21}},"10":{"start":{"line":55,"column":8},"end":{"line":57,"column":45}},"11":{"start":{"line":59,"column":8},"end":{"line":59,"column":35}},"12":{"start":{"line":61,"column":4},"end":{"line":325,"column":5}},"13":{"start":{"line":69,"column":8},"end":{"line":121,"column":10},"skip":true},"14":{"start":{"line":70,"column":12},"end":{"line":88,"column":13},"skip":true},"15":{"start":{"line":76,"column":16},"end":{"line":87,"column":19},"skip":true},"16":{"start":{"line":79,"column":20},"end":{"line":86,"column":21},"skip":true},"17":{"start":{"line":82,"column":24},"end":{"line":82,"column":43},"skip":true},"18":{"start":{"line":83,"column":24},"end":{"line":83,"column":30},"skip":true},"19":{"start":{"line":85,"column":24},"end":{"line":85,"column":49},"skip":true},"20":{"start":{"line":89,"column":12},"end":{"line":107,"column":13},"skip":true},"21":{"start":{"line":92,"column":16},"end":{"line":102,"column":17},"skip":true},"22":{"start":{"line":93,"column":20},"end":{"line":93,"column":86},"skip":true},"23":{"start":{"line":94,"column":20},"end":{"line":95,"column":45},"skip":true},"24":{"start":{"line":96,"column":20},"end":{"line":96,"column":42},"skip":true},"25":{"start":{"line":97,"column":20},"end":{"line":97,"column":48},"skip":true},"26":{"start":{"line":100,"column":20},"end":{"line":100,"column":85},"skip":true},"27":{"start":{"line":101,"column":20},"end":{"line":101,"column":96},"skip":true},"28":{"start":{"line":103,"column":16},"end":{"line":103,"column":22},"skip":true},"29":{"start":{"line":106,"column":16},"end":{"line":106,"column":22},"skip":true},"30":{"start":{"line":108,"column":12},"end":{"line":120,"column":13},"skip":true},"31":{"start":{"line":114,"column":16},"end":{"line":119,"column":17},"skip":true},"32":{"start":{"line":116,"column":20},"end":{"line":116,"column":78},"skip":true},"33":{"start":{"line":118,"column":20},"end":{"line":118,"column":47},"skip":true},"34":{"start":{"line":123,"column":8},"end":{"line":141,"column":11},"skip":true},"35":{"start":{"line":124,"column":12},"end":{"line":124,"column":54},"skip":true},"36":{"start":{"line":125,"column":12},"end":{"line":140,"column":14},"skip":true},"37":{"start":{"line":126,"column":16},"end":{"line":126,"column":28},"skip":true},"38":{"start":{"line":127,"column":16},"end":{"line":127,"column":69},"skip":true},"39":{"start":{"line":128,"column":16},"end":{"line":128,"column":75},"skip":true},"40":{"start":{"line":129,"column":16},"end":{"line":131,"column":17},"skip":true},"41":{"start":{"line":130,"column":20},"end":{"line":130,"column":27},"skip":true},"42":{"start":{"line":133,"column":16},"end":{"line":137,"column":36},"skip":true},"43":{"start":{"line":134,"column":20},"end":{"line":136,"column":55},"skip":true},"44":{"start":{"line":139,"column":16},"end":{"line":139,"column":57},"skip":true},"45":{"start":{"line":143,"column":8},"end":{"line":147,"column":11},"skip":true},"46":{"start":{"line":144,"column":12},"end":{"line":146,"column":15},"skip":true},"47":{"start":{"line":145,"column":16},"end":{"line":145,"column":70},"skip":true},"48":{"start":{"line":149,"column":8},"end":{"line":149,"column":31},"skip":true},"49":{"start":{"line":150,"column":8},"end":{"line":150,"column":14},"skip":true},"50":{"start":{"line":158,"column":8},"end":{"line":158,"column":31},"skip":true},"51":{"start":{"line":160,"column":8},"end":{"line":160,"column":33},"skip":true},"52":{"start":{"line":161,"column":8},"end":{"line":161,"column":37},"skip":true},"53":{"start":{"line":162,"column":8},"end":{"line":162,"column":35},"skip":true},"54":{"start":{"line":164,"column":8},"end":{"line":164,"column":50},"skip":true},"55":{"start":{"line":166,"column":8},"end":{"line":256,"column":2},"skip":true},"56":{"start":{"line":258,"column":8},"end":{"line":286,"column":9},"skip":true},"57":{"start":{"line":259,"column":12},"end":{"line":269,"column":14},"skip":true},"58":{"start":{"line":271,"column":12},"end":{"line":285,"column":19},"skip":true},"59":{"start":{"line":274,"column":20},"end":{"line":274,"column":35},"skip":true},"60":{"start":{"line":275,"column":20},"end":{"line":284,"column":21},"skip":true},"61":{"start":{"line":277,"column":24},"end":{"line":277,"column":64},"skip":true},"62":{"start":{"line":279,"column":24},"end":{"line":279,"column":40},"skip":true},"63":{"start":{"line":281,"column":24},"end":{"line":281,"column":40},"skip":true},"64":{"start":{"line":283,"column":24},"end":{"line":283,"column":39},"skip":true},"65":{"start":{"line":288,"column":8},"end":{"line":290,"column":9},"skip":true},"66":{"start":{"line":289,"column":12},"end":{"line":289,"column":18},"skip":true},"67":{"start":{"line":291,"column":8},"end":{"line":293,"column":54},"skip":true},"68":{"start":{"line":296,"column":8},"end":{"line":301,"column":37},"skip":true},"69":{"start":{"line":303,"column":8},"end":{"line":303,"column":82},"skip":true},"70":{"start":{"line":306,"column":8},"end":{"line":308,"column":9},"skip":true},"71":{"start":{"line":307,"column":12},"end":{"line":307,"column":82},"skip":true},"72":{"start":{"line":310,"column":8},"end":{"line":312,"column":9},"skip":true},"73":{"start":{"line":311,"column":12},"end":{"line":311,"column":18},"skip":true},"74":{"start":{"line":313,"column":8},"end":{"line":313,"column":54},"skip":true},"75":{"start":{"line":314,"column":8},"end":{"line":314,"column":69},"skip":true},"76":{"start":{"line":315,"column":8},"end":{"line":323,"column":36},"skip":true},"77":{"start":{"line":316,"column":12},"end":{"line":316,"column":61},"skip":true},"78":{"start":{"line":317,"column":12},"end":{"line":320,"column":13},"skip":true},"79":{"start":{"line":318,"column":16},"end":{"line":318,"column":75},"skip":true},"80":{"start":{"line":319,"column":16},"end":{"line":319,"column":23},"skip":true},"81":{"start":{"line":321,"column":12},"end":{"line":321,"column":38},"skip":true},"82":{"start":{"line":322,"column":12},"end":{"line":322,"column":27},"skip":true},"83":{"start":{"line":324,"column":8},"end":{"line":324,"column":14},"skip":true}},"branchMap":{"1":{"line":39,"type":"binary-expr","locations":[{"start":{"line":39,"column":23},"end":{"line":39,"column":62}},{"start":{"line":40,"column":20},"end":{"line":40,"column":70}},{"start":{"line":41,"column":20},"end":{"line":41,"column":71}},{"start":{"line":42,"column":20},"end":{"line":42,"column":29}}]},"2":{"line":44,"type":"binary-expr","locations":[{"start":{"line":44,"column":23},"end":{"line":44,"column":37}},{"start":{"line":45,"column":20},"end":{"line":45,"column":61}},{"start":{"line":46,"column":20},"end":{"line":46,"column":70}},{"start":{"line":47,"column":20},"end":{"line":47,"column":26}}]},"3":{"line":51,"type":"cond-expr","locations":[{"start":{"line":52,"column":14},"end":{"line":52,"column":20}},{"start":{"line":53,"column":14},"end":{"line":53,"column":20}}]},"4":{"line":55,"type":"binary-expr","locations":[{"start":{"line":55,"column":16},"end":{"line":55,"column":44}},{"start":{"line":55,"column":49},"end":{"line":57,"column":43}}]},"5":{"line":55,"type":"cond-expr","locations":[{"start":{"line":56,"column":14},"end":{"line":56,"column":48}},{"start":{"line":57,"column":14},"end":{"line":57,"column":43}}]},"6":{"line":61,"type":"switch","locations":[{"start":{"line":68,"column":4},"end":{"line":150,"column":14},"skip":true},{"start":{"line":156,"column":4},"end":{"line":324,"column":14},"skip":true}]},"7":{"line":70,"type":"if","locations":[{"start":{"line":70,"column":12},"end":{"line":70,"column":12},"skip":true},{"start":{"line":70,"column":12},"end":{"line":70,"column":12},"skip":true}]},"8":{"line":70,"type":"binary-expr","locations":[{"start":{"line":70,"column":16},"end":{"line":70,"column":22},"skip":true},{"start":{"line":70,"column":27},"end":{"line":70,"column":32},"skip":true},{"start":{"line":71,"column":20},"end":{"line":71,"column":39},"skip":true},{"start":{"line":72,"column":20},"end":{"line":72,"column":49},"skip":true},{"start":{"line":73,"column":20},"end":{"line":73,"column":58},"skip":true},{"start":{"line":74,"column":20},"end":{"line":74,"column":69},"skip":true}]},"9":{"line":79,"type":"switch","locations":[{"start":{"line":80,"column":20},"end":{"line":80,"column":33},"skip":true},{"start":{"line":81,"column":20},"end":{"line":83,"column":30},"skip":true},{"start":{"line":84,"column":20},"end":{"line":85,"column":49},"skip":true}]},"10":{"line":89,"type":"switch","locations":[{"start":{"line":90,"column":12},"end":{"line":103,"column":22},"skip":true},{"start":{"line":105,"column":12},"end":{"line":106,"column":22},"skip":true}]},"11":{"line":89,"type":"binary-expr","locations":[{"start":{"line":89,"column":20},"end":{"line":89,"column":25},"skip":true},{"start":{"line":89,"column":29},"end":{"line":89,"column":48},"skip":true},{"start":{"line":89,"column":52},"end":{"line":89,"column":74},"skip":true}]},"12":{"line":92,"type":"if","locations":[{"start":{"line":92,"column":16},"end":{"line":92,"column":16},"skip":true},{"start":{"line":92,"column":16},"end":{"line":92,"column":16},"skip":true}]},"13":{"line":108,"type":"if","locations":[{"start":{"line":108,"column":12},"end":{"line":108,"column":12},"skip":true},{"start":{"line":108,"column":12},"end":{"line":108,"column":12},"skip":true}]},"14":{"line":108,"type":"binary-expr","locations":[{"start":{"line":108,"column":16},"end":{"line":108,"column":61},"skip":true},{"start":{"line":108,"column":66},"end":{"line":108,"column":72},"skip":true},{"start":{"line":108,"column":77},"end":{"line":108,"column":82},"skip":true},{"start":{"line":109,"column":20},"end":{"line":109,"column":39},"skip":true},{"start":{"line":110,"column":20},"end":{"line":110,"column":49},"skip":true},{"start":{"line":111,"column":20},"end":{"line":111,"column":58},"skip":true},{"start":{"line":112,"column":20},"end":{"line":112,"column":68},"skip":true}]},"15":{"line":129,"type":"if","locations":[{"start":{"line":129,"column":16},"end":{"line":129,"column":16},"skip":true},{"start":{"line":129,"column":16},"end":{"line":129,"column":16},"skip":true}]},"16":{"line":134,"type":"cond-expr","locations":[{"start":{"line":135,"column":26},"end":{"line":135,"column":29},"skip":true},{"start":{"line":136,"column":26},"end":{"line":136,"column":54},"skip":true}]},"17":{"line":164,"type":"binary-expr","locations":[{"start":{"line":164,"column":27},"end":{"line":164,"column":43},"skip":true},{"start":{"line":164,"column":47},"end":{"line":164,"column":49},"skip":true}]},"18":{"line":258,"type":"if","locations":[{"start":{"line":258,"column":8},"end":{"line":258,"column":8},"skip":true},{"start":{"line":258,"column":8},"end":{"line":258,"column":8},"skip":true}]},"19":{"line":275,"type":"switch","locations":[{"start":{"line":276,"column":20},"end":{"line":277,"column":64},"skip":true},{"start":{"line":278,"column":20},"end":{"line":279,"column":40},"skip":true},{"start":{"line":280,"column":20},"end":{"line":281,"column":40},"skip":true},{"start":{"line":282,"column":20},"end":{"line":283,"column":39},"skip":true}]},"20":{"line":288,"type":"if","locations":[{"start":{"line":288,"column":8},"end":{"line":288,"column":8},"skip":true},{"start":{"line":288,"column":8},"end":{"line":288,"column":8},"skip":true}]},"21":{"line":288,"type":"binary-expr","locations":[{"start":{"line":288,"column":12},"end":{"line":288,"column":40},"skip":true},{"start":{"line":288,"column":44},"end":{"line":288,"column":67},"skip":true}]},"22":{"line":292,"type":"binary-expr","locations":[{"start":{"line":292,"column":12},"end":{"line":292,"column":50},"skip":true},{"start":{"line":293,"column":12},"end":{"line":293,"column":53},"skip":true}]},"23":{"line":297,"type":"binary-expr","locations":[{"start":{"line":297,"column":12},"end":{"line":297,"column":62},"skip":true},{"start":{"line":298,"column":12},"end":{"line":301,"column":36},"skip":true}]},"24":{"line":303,"type":"binary-expr","locations":[{"start":{"line":303,"column":43},"end":{"line":303,"column":75},"skip":true},{"start":{"line":303,"column":79},"end":{"line":303,"column":81},"skip":true}]},"25":{"line":306,"type":"if","locations":[{"start":{"line":306,"column":8},"end":{"line":306,"column":8},"skip":true},{"start":{"line":306,"column":8},"end":{"line":306,"column":8},"skip":true}]},"26":{"line":310,"type":"if","locations":[{"start":{"line":310,"column":8},"end":{"line":310,"column":8},"skip":true},{"start":{"line":310,"column":8},"end":{"line":310,"column":8},"skip":true}]},"27":{"line":313,"type":"binary-expr","locations":[{"start":{"line":313,"column":27},"end":{"line":313,"column":43},"skip":true},{"start":{"line":313,"column":47},"end":{"line":313,"column":53},"skip":true}]},"28":{"line":317,"type":"if","locations":[{"start":{"line":317,"column":12},"end":{"line":317,"column":12},"skip":true},{"start":{"line":317,"column":12},"end":{"line":317,"column":12},"skip":true}]}},"code":["/*","example.js","","quickstart example","","instruction","    1. save this script as example.js","    2. run the shell command:","        $ npm install npmtest-verb && PORT=8081 node example.js","    3. play with the browser-demo on http://127.0.0.1:8081","*/","","","","/* istanbul instrument in package npmtest_verb */","/*jslint","    bitwise: true,","    browser: true,","    maxerr: 8,","    maxlen: 96,","    node: true,","    nomen: true,","    regexp: true,","    stupid: true","*/","(function () {","    'use strict';","    var local;","","","","    // run shared js-env code - init-before","    (function () {","        // init local","        local = {};","        // init modeJs","        local.modeJs = (function () {","            try {","                return typeof navigator.userAgent === 'string' &&","                    typeof document.querySelector('body') === 'object' &&","                    typeof XMLHttpRequest.prototype.open === 'function' &&","                    'browser';","            } catch (errorCaughtBrowser) {","                return module.exports &&","                    typeof process.versions.node === 'string' &&","                    typeof require('http').createServer === 'function' &&","                    'node';","            }","        }());","        // init global","        local.global = local.modeJs === 'browser'","            ? window","            : global;","        // init utility2_rollup","        local = local.global.utility2_rollup || (local.modeJs === 'browser'","            ? local.global.utility2_npmtest_verb","            : global.utility2_moduleExports);","        // export local","        local.global.local = local;","    }());","    switch (local.modeJs) {","","","","    // init-after","    // run browser js-env code - init-after","    /* istanbul ignore next */","    case 'browser':","        local.testRunBrowser = function (event) {","            if (!event || (event &&","                    event.currentTarget &&","                    event.currentTarget.className &&","                    event.currentTarget.className.includes &&","                    event.currentTarget.className.includes('onreset'))) {","                // reset output","                Array.from(","                    document.querySelectorAll('body > .resettable')","                ).forEach(function (element) {","                    switch (element.tagName) {","                    case 'INPUT':","                    case 'TEXTAREA':","                        element.value = '';","                        break;","                    default:","                        element.textContent = '';","                    }","                });","            }","            switch (event && event.currentTarget && event.currentTarget.id) {","            case 'testRunButton1':","                // show tests","                if (document.querySelector('#testReportDiv1').style.display === 'none') {","                    document.querySelector('#testReportDiv1').style.display = 'block';","                    document.querySelector('#testRunButton1').textContent =","                        'hide internal test';","                    local.modeTest = true;","                    local.testRunDefault(local);","                // hide tests","                } else {","                    document.querySelector('#testReportDiv1').style.display = 'none';","                    document.querySelector('#testRunButton1').textContent = 'run internal test';","                }","                break;","            // custom-case","            default:","                break;","            }","            if (document.querySelector('#inputTextareaEval1') && (!event || (event &&","                    event.currentTarget &&","                    event.currentTarget.className &&","                    event.currentTarget.className.includes &&","                    event.currentTarget.className.includes('oneval')))) {","                // try to eval input-code","                try {","                    /*jslint evil: true*/","                    eval(document.querySelector('#inputTextareaEval1').value);","                } catch (errorCaught) {","                    console.error(errorCaught);","                }","            }","        };","        // log stderr and stdout to #outputTextareaStdout1","        ['error', 'log'].forEach(function (key) {","            console[key + '_original'] = console[key];","            console[key] = function () {","                var element;","                console[key + '_original'].apply(console, arguments);","                element = document.querySelector('#outputTextareaStdout1');","                if (!element) {","                    return;","                }","                // append text to #outputTextareaStdout1","                element.value += Array.from(arguments).map(function (arg) {","                    return typeof arg === 'string'","                        ? arg","                        : JSON.stringify(arg, null, 4);","                }).join(' ') + '\\n';","                // scroll textarea to bottom","                element.scrollTop = element.scrollHeight;","            };","        });","        // init event-handling","        ['change', 'click', 'keyup'].forEach(function (event) {","            Array.from(document.querySelectorAll('.on' + event)).forEach(function (element) {","                element.addEventListener(event, local.testRunBrowser);","            });","        });","        // run tests","        local.testRunBrowser();","        break;","","","","    // run node js-env code - init-after","    /* istanbul ignore next */","    case 'node':","        // export local","        module.exports = local;","        // require modules","        local.fs = require('fs');","        local.http = require('http');","        local.url = require('url');","        // init assets","        local.assetsDict = local.assetsDict || {};","        /* jslint-ignore-begin */","        local.assetsDict['/assets.index.template.html'] = '\\","<!doctype html>\\n\\","<html lang=\"en\">\\n\\","<head>\\n\\","<meta charset=\"UTF-8\">\\n\\","<meta name=\"viewport\" content=\"width=device-width, initial-scale=1\">\\n\\","<title>{{env.npm_package_name}} (v{{env.npm_package_version}})</title>\\n\\","<style>\\n\\","/*csslint\\n\\","    box-sizing: false,\\n\\","    universal-selector: false\\n\\","*/\\n\\","* {\\n\\","    box-sizing: border-box;\\n\\","}\\n\\","body {\\n\\","    background: #dde;\\n\\","    font-family: Arial, Helvetica, sans-serif;\\n\\","    margin: 2rem;\\n\\","}\\n\\","body > * {\\n\\","    margin-bottom: 1rem;\\n\\","}\\n\\",".utility2FooterDiv {\\n\\","    margin-top: 20px;\\n\\","    text-align: center;\\n\\","}\\n\\","</style>\\n\\","<style>\\n\\","/*csslint\\n\\","*/\\n\\","textarea {\\n\\","    font-family: monospace;\\n\\","    height: 10rem;\\n\\","    width: 100%;\\n\\","}\\n\\","textarea[readonly] {\\n\\","    background: #ddd;\\n\\","}\\n\\","</style>\\n\\","</head>\\n\\","<body>\\n\\","<!-- utility2-comment\\n\\","<div id=\"ajaxProgressDiv1\" style=\"background: #d00; height: 2px; left: 0; margin: 0; padding: 0; position: fixed; top: 0; transition: background 0.5s, width 1.5s; width: 25%;\"></div>\\n\\","utility2-comment -->\\n\\","<h1>\\n\\","<!-- utility2-comment\\n\\","    <a\\n\\","        {{#if env.npm_package_homepage}}\\n\\","        href=\"{{env.npm_package_homepage}}\"\\n\\","        {{/if env.npm_package_homepage}}\\n\\","        target=\"_blank\"\\n\\","    >\\n\\","utility2-comment -->\\n\\","        {{env.npm_package_name}} (v{{env.npm_package_version}})\\n\\","<!-- utility2-comment\\n\\","    </a>\\n\\","utility2-comment -->\\n\\","</h1>\\n\\","<h3>{{env.npm_package_description}}</h3>\\n\\","<!-- utility2-comment\\n\\","<h4><a download href=\"assets.app.js\">download standalone app</a></h4>\\n\\","<button class=\"onclick onreset\" id=\"testRunButton1\">run internal test</button><br>\\n\\","<div id=\"testReportDiv1\" style=\"display: none;\"></div>\\n\\","utility2-comment -->\\n\\","\\n\\","\\n\\","\\n\\","<label>stderr and stdout</label>\\n\\","<textarea class=\"resettable\" id=\"outputTextareaStdout1\" readonly></textarea>\\n\\","<!-- utility2-comment\\n\\","{{#if isRollup}}\\n\\","<script src=\"assets.app.js\"></script>\\n\\","{{#unless isRollup}}\\n\\","utility2-comment -->\\n\\","<script src=\"assets.utility2.rollup.js\"></script>\\n\\","<script src=\"jsonp.utility2._stateInit?callback=window.utility2._stateInit\"></script>\\n\\","<script src=\"assets.npmtest_verb.rollup.js\"></script>\\n\\","<script src=\"assets.example.js\"></script>\\n\\","<script src=\"assets.test.js\"></script>\\n\\","<!-- utility2-comment\\n\\","{{/if isRollup}}\\n\\","utility2-comment -->\\n\\","<div class=\"utility2FooterDiv\">\\n\\","    [ this app was created with\\n\\","    <a href=\"https://github.com/kaizhu256/node-utility2\" target=\"_blank\">utility2</a>\\n\\","    ]\\n\\","</div>\\n\\","</body>\\n\\","</html>\\n\\","';","        /* jslint-ignore-end */","        if (local.templateRender) {","            local.assetsDict['/'] = local.templateRender(","                local.assetsDict['/assets.index.template.html'],","                {","                    env: local.objectSetDefault(local.env, {","                        npm_package_description: 'the greatest app in the world!',","                        npm_package_name: 'my-app',","                        npm_package_nameAlias: 'my_app',","                        npm_package_version: '0.0.1'","                    })","                }","            );","        } else {","            local.assetsDict['/'] = local.assetsDict['/assets.index.template.html']","                .replace((/\\{\\{env\\.(\\w+?)\\}\\}/g), function (match0, match1) {","                    // jslint-hack","                    String(match0);","                    switch (match1) {","                    case 'npm_package_description':","                        return 'the greatest app in the world!';","                    case 'npm_package_name':","                        return 'my-app';","                    case 'npm_package_nameAlias':","                        return 'my_app';","                    case 'npm_package_version':","                        return '0.0.1';","                    }","                });","        }","        // run the cli","        if (local.global.utility2_rollup || module !== require.main) {","            break;","        }","        local.assetsDict['/assets.example.js'] =","            local.assetsDict['/assets.example.js'] ||","            local.fs.readFileSync(__filename, 'utf8');","        // bug-workaround - long $npm_package_buildCustomOrg","        /* jslint-ignore-begin */","        local.assetsDict['/assets.npmtest_verb.rollup.js'] =","            local.assetsDict['/assets.npmtest_verb.rollup.js'] ||","            local.fs.readFileSync(","                local.npmtest_verb.__dirname + '/lib.npmtest_verb.js',","                'utf8'","            ).replace((/^#!/), '//');","        /* jslint-ignore-end */","        local.assetsDict['/favicon.ico'] = local.assetsDict['/favicon.ico'] || '';","        // if $npm_config_timeout_exit exists,","        // then exit this process after $npm_config_timeout_exit ms","        if (Number(process.env.npm_config_timeout_exit)) {","            setTimeout(process.exit, Number(process.env.npm_config_timeout_exit));","        }","        // start server","        if (local.global.utility2_serverHttp1) {","            break;","        }","        process.env.PORT = process.env.PORT || '8081';","        console.error('server starting on port ' + process.env.PORT);","        local.http.createServer(function (request, response) {","            request.urlParsed = local.url.parse(request.url);","            if (local.assetsDict[request.urlParsed.pathname] !== undefined) {","                response.end(local.assetsDict[request.urlParsed.pathname]);","                return;","            }","            response.statusCode = 404;","            response.end();","        }).listen(process.env.PORT);","        break;","    }","}());",""],"l":{"26":2,"28":2,"33":2,"35":2,"37":2,"38":2,"39":2,"44":1,"51":2,"55":2,"59":2,"61":2,"69":1,"70":2,"76":2,"79":2,"82":2,"83":2,"85":1,"89":2,"92":1,"93":1,"94":1,"96":1,"97":1,"100":1,"101":1,"103":1,"106":1,"108":2,"114":1,"116":1,"118":1,"123":1,"124":2,"125":2,"126":3,"127":3,"128":3,"129":3,"130":1,"133":3,"134":3,"139":3,"143":1,"144":3,"145":1,"149":1,"150":1,"158":1,"160":1,"161":1,"162":1,"164":1,"166":1,"258":1,"259":1,"271":1,"274":6,"275":6,"277":1,"279":2,"281":1,"283":2,"288":1,"289":1,"291":1,"296":1,"303":1,"306":1,"307":1,"310":1,"311":1,"313":1,"314":1,"315":1,"316":1,"317":1,"318":1,"319":1,"321":1,"322":1,"324":1}},"/home/travis/build/npmtest/node-npmtest-verb/node_modules/verb/index.js":{"path":"/home/travis/build/npmtest/node-npmtest-verb/node_modules/verb/index.js","s":{"1":2,"2":2,"3":2,"4":2,"5":2,"6":2,"7":2,"8":2,"9":1,"10":2,"11":2,"12":2,"13":2,"14":2,"15":2,"16":0,"17":0,"18":0,"19":0,"20":0,"21":2,"22":0,"23":2,"24":0,"25":2,"26":0,"27":2,"28":0,"29":0,"30":0,"31":0,"32":0,"33":0,"34":0,"35":0,"36":0,"37":0,"38":0,"39":2,"40":2},"b":{"1":[0,0],"2":[0,0],"3":[0,0],"4":[0,0],"5":[0,0],"6":[0,0]},"f":{"1":2,"2":0,"3":0,"4":0,"5":0,"6":0,"7":0},"fnMap":{"1":{"name":"Verb","line":20,"loc":{"start":{"line":20,"column":0},"end":{"line":20,"column":16}}},"2":{"name":"(anonymous_2)","line":38,"loc":{"start":{"line":38,"column":26},"end":{"line":38,"column":51}}},"3":{"name":"(anonymous_3)","line":60,"loc":{"start":{"line":60,"column":21},"end":{"line":60,"column":42}}},"4":{"name":"(anonymous_4)","line":76,"loc":{"start":{"line":76,"column":22},"end":{"line":76,"column":43}}},"5":{"name":"(anonymous_5)","line":95,"loc":{"start":{"line":95,"column":22},"end":{"line":95,"column":49}}},"6":{"name":"(anonymous_6)","line":116,"loc":{"start":{"line":116,"column":22},"end":{"line":116,"column":45}}},"7":{"name":"(anonymous_7)","line":120,"loc":{"start":{"line":120,"column":29},"end":{"line":120,"column":44}}}},"statementMap":{"1":{"start":{"line":3,"column":0},"end":{"line":3,"column":27}},"2":{"start":{"line":4,"column":0},"end":{"line":4,"column":29}},"3":{"start":{"line":5,"column":0},"end":{"line":5,"column":39}},"4":{"start":{"line":6,"column":0},"end":{"line":6,"column":35}},"5":{"start":{"line":7,"column":0},"end":{"line":7,"column":35}},"6":{"start":{"line":8,"column":0},"end":{"line":8,"column":30}},"7":{"start":{"line":10,"column":0},"end":{"line":10,"column":35}},"8":{"start":{"line":11,"column":0},"end":{"line":11,"column":33}},"9":{"start":{"line":20,"column":0},"end":{"line":24,"column":1}},"10":{"start":{"line":21,"column":2},"end":{"line":21,"column":34}},"11":{"start":{"line":22,"column":2},"end":{"line":22,"column":30}},"12":{"start":{"line":23,"column":2},"end":{"line":23,"column":13}},"13":{"start":{"line":26,"column":0},"end":{"line":26,"column":43}},"14":{"start":{"line":27,"column":0},"end":{"line":27,"column":32}},"15":{"start":{"line":38,"column":0},"end":{"line":46,"column":2}},"16":{"start":{"line":39,"column":2},"end":{"line":43,"column":3}},"17":{"start":{"line":40,"column":4},"end":{"line":40,"column":44}},"18":{"start":{"line":42,"column":4},"end":{"line":42,"column":46}},"19":{"start":{"line":44,"column":2},"end":{"line":44,"column":37}},"20":{"start":{"line":45,"column":2},"end":{"line":45,"column":14}},"21":{"start":{"line":60,"column":0},"end":{"line":62,"column":2}},"22":{"start":{"line":61,"column":2},"end":{"line":61,"column":37}},"23":{"start":{"line":76,"column":0},"end":{"line":78,"column":2}},"24":{"start":{"line":77,"column":2},"end":{"line":77,"column":38}},"25":{"start":{"line":95,"column":0},"end":{"line":97,"column":2}},"26":{"start":{"line":96,"column":2},"end":{"line":96,"column":56}},"27":{"start":{"line":116,"column":0},"end":{"line":131,"column":2}},"28":{"start":{"line":117,"column":2},"end":{"line":117,"column":32}},"29":{"start":{"line":118,"column":2},"end":{"line":118,"column":20}},"30":{"start":{"line":119,"column":2},"end":{"line":119,"column":27}},"31":{"start":{"line":120,"column":2},"end":{"line":129,"column":5}},"32":{"start":{"line":121,"column":4},"end":{"line":121,"column":27}},"33":{"start":{"line":122,"column":4},"end":{"line":124,"column":5}},"34":{"start":{"line":123,"column":6},"end":{"line":123,"column":26}},"35":{"start":{"line":125,"column":4},"end":{"line":127,"column":5}},"36":{"start":{"line":126,"column":6},"end":{"line":126,"column":24}},"37":{"start":{"line":128,"column":4},"end":{"line":128,"column":43}},"38":{"start":{"line":130,"column":2},"end":{"line":130,"column":20}},"39":{"start":{"line":137,"column":0},"end":{"line":137,"column":27}},"40":{"start":{"line":143,"column":0},"end":{"line":143,"column":28}}},"branchMap":{"1":{"line":39,"type":"if","locations":[{"start":{"line":39,"column":2},"end":{"line":39,"column":2}},{"start":{"line":39,"column":2},"end":{"line":39,"column":2}}]},"2":{"line":117,"type":"binary-expr","locations":[{"start":{"line":117,"column":11},"end":{"line":117,"column":17}},{"start":{"line":117,"column":21},"end":{"line":117,"column":31}}]},"3":{"line":118,"type":"binary-expr","locations":[{"start":{"line":118,"column":6},"end":{"line":118,"column":7}},{"start":{"line":118,"column":11},"end":{"line":118,"column":19}}]},"4":{"line":119,"type":"binary-expr","locations":[{"start":{"line":119,"column":6},"end":{"line":119,"column":7}},{"start":{"line":119,"column":11},"end":{"line":119,"column":26}}]},"5":{"line":122,"type":"if","locations":[{"start":{"line":122,"column":4},"end":{"line":122,"column":4}},{"start":{"line":122,"column":4},"end":{"line":122,"column":4}}]},"6":{"line":125,"type":"if","locations":[{"start":{"line":125,"column":4},"end":{"line":125,"column":4}},{"start":{"line":125,"column":4},"end":{"line":125,"column":4}}]}},"code":["'use strict';","","var diff = require('diff');","var chalk = require('chalk');","var extend = require('extend-shallow');","var Template = require('template');","var Composer = require('composer');","var vfs = require('vinyl-fs');","","var stack = require('./lib/stack');","var init = require('./lib/init');","","/**"," * Initialize `Verb`"," *"," * @param {Object} `context`"," * @api private"," */","","function Verb() {","  Template.apply(this, arguments);","  Composer.call(this, 'verb');","  init(this);","}","","extend(Verb.prototype, Composer.prototype);","Template.extend(Verb.prototype);","","/**"," * Set application defaults that may be overridden by the user."," * This is a temporary method and should not be used."," *"," * @param {String} `key`"," * @param {*} `value`"," * @api private"," */","","Verb.prototype.defaults = function(key/*, value*/) {","  if (typeof key === 'object') {","    arguments[0] = {defaults: arguments[0]};","  } else {","    arguments[0] = 'defaults.' + arguments[0];","  }","  this.option.apply(this, arguments);","  return this;","};","","/**"," * Glob patterns or filepaths to source files."," *"," * ```js"," * verb.src('src/*.hbs', {layout: 'default'})"," * ```"," *"," * @param {String|Array} `glob` Glob patterns or file paths to source files."," * @param {Object} `options` Options or locals to merge into the context and/or pass to `src` plugins"," * @api public"," */","","Verb.prototype.src = function(glob, opts) {","  return stack.src(this, glob, opts);","};","","/**"," * Specify a destination for processed files."," *"," * ```js"," * verb.dest('dist')"," * ```"," *"," * @param {String|Function} `dest` File path or rename function."," * @param {Object} `options` Options and locals to pass to `dest` plugins"," * @api public"," */","","Verb.prototype.dest = function(dest, opts) {","  return stack.dest(this, dest, opts);","};","","/**"," * Copy a `glob` of files to the specified `dest`."," *"," * ```js"," * verb.task('assets', function() {"," *   verb.copy('assets/**', 'dist');"," * });"," * ```"," *"," * @param  {String|Array} `glob`"," * @param  {String|Function} `dest`"," * @return {Stream} Stream, to continue processing if necessary."," * @api public"," */","","Verb.prototype.copy = function(glob, dest, opts) {","  return vfs.src(glob, opts).pipe(vfs.dest(dest, opts));","};","","/**"," * Display a visual representation of the difference between"," * two objects or strings."," *"," * ```js"," * var doc = verb.views.docs['foo.md'];"," * verb.render(doc, function(err, content) {"," *   verb.diff(doc.orig, content);"," * });"," * ```"," *"," * @param {Object|String} `a`"," * @param {Object|String} `b`"," * @param {String} `methodName` Optionally pass a [jsdiff] method name to use. The default is `diffJson`"," * @api public"," */","","Verb.prototype.diff = function(a, b, method) {","  method = method || 'diffJson';","  a = a || this.env;","  b = b || this.cache.data;","  diff[method](a, b).forEach(function (res) {","    var color = chalk.gray;","    if (res.added) {","      color = chalk.green;","    }","    if (res.removed) {","      color = chalk.red;","    }","    process.stderr.write(color(res.value));","  });","  console.log('\\n');","};","","/**"," * Expose `verb.Verb`"," */","","Verb.prototype.Verb = Verb;","","/**"," * Expose `verb`"," */","","module.exports = new Verb();",""],"l":{"3":2,"4":2,"5":2,"6":2,"7":2,"8":2,"10":2,"11":2,"20":1,"21":2,"22":2,"23":2,"26":2,"27":2,"38":2,"39":0,"40":0,"42":0,"44":0,"45":0,"60":2,"61":0,"76":2,"77":0,"95":2,"96":0,"116":2,"117":0,"118":0,"119":0,"120":0,"121":0,"122":0,"123":0,"125":0,"126":0,"128":0,"130":0,"137":2,"143":2}},"/home/travis/build/npmtest/node-npmtest-verb/node_modules/verb/lib/stack.js":{"path":"/home/travis/build/npmtest/node-npmtest-verb/node_modules/verb/lib/stack.js","s":{"1":1,"2":1,"3":1,"4":1,"5":1,"6":1,"7":1,"8":1,"9":0,"10":0,"11":0,"12":1,"13":0,"14":0,"15":0,"16":1,"17":0,"18":0,"19":1,"20":0,"21":0,"22":0,"23":0,"24":0,"25":0,"26":0},"b":{"1":[0,0],"2":[0,0],"3":[0,0],"4":[0,0]},"f":{"1":0,"2":0,"3":0,"4":0},"fnMap":{"1":{"name":"(anonymous_1)","line":30,"loc":{"start":{"line":30,"column":14},"end":{"line":30,"column":40}}},"2":{"name":"(anonymous_2)","line":53,"loc":{"start":{"line":53,"column":15},"end":{"line":53,"column":42}}},"3":{"name":"createStack","line":81,"loc":{"start":{"line":81,"column":0},"end":{"line":81,"column":35}}},"4":{"name":"enabled","line":85,"loc":{"start":{"line":85,"column":2},"end":{"line":85,"column":38}}}},"statementMap":{"1":{"start":{"line":7,"column":0},"end":{"line":7,"column":34}},"2":{"start":{"line":8,"column":0},"end":{"line":8,"column":36}},"3":{"start":{"line":9,"column":0},"end":{"line":9,"column":33}},"4":{"start":{"line":10,"column":0},"end":{"line":10,"column":30}},"5":{"start":{"line":11,"column":0},"end":{"line":11,"column":26}},"6":{"start":{"line":12,"column":0},"end":{"line":12,"column":15}},"7":{"start":{"line":18,"column":0},"end":{"line":18,"column":35}},"8":{"start":{"line":30,"column":0},"end":{"line":41,"column":2}},"9":{"start":{"line":31,"column":2},"end":{"line":31,"column":40}},"10":{"start":{"line":32,"column":2},"end":{"line":32,"column":15}},"11":{"start":{"line":34,"column":2},"end":{"line":40,"column":5}},"12":{"start":{"line":53,"column":0},"end":{"line":65,"column":2}},"13":{"start":{"line":54,"column":2},"end":{"line":54,"column":47}},"14":{"start":{"line":55,"column":2},"end":{"line":55,"column":34}},"15":{"start":{"line":57,"column":2},"end":{"line":64,"column":5}},"16":{"start":{"line":81,"column":0},"end":{"line":96,"column":1}},"17":{"start":{"line":82,"column":2},"end":{"line":84,"column":3}},"18":{"start":{"line":83,"column":4},"end":{"line":83,"column":33}},"19":{"start":{"line":85,"column":2},"end":{"line":93,"column":3}},"20":{"start":{"line":86,"column":4},"end":{"line":88,"column":5}},"21":{"start":{"line":87,"column":6},"end":{"line":87,"column":30}},"22":{"start":{"line":89,"column":4},"end":{"line":91,"column":5}},"23":{"start":{"line":90,"column":6},"end":{"line":90,"column":23}},"24":{"start":{"line":92,"column":4},"end":{"line":92,"column":15}},"25":{"start":{"line":94,"column":2},"end":{"line":94,"column":43}},"26":{"start":{"line":95,"column":2},"end":{"line":95,"column":32}}},"branchMap":{"1":{"line":55,"type":"binary-expr","locations":[{"start":{"line":55,"column":16},"end":{"line":55,"column":27}},{"start":{"line":55,"column":31},"end":{"line":55,"column":33}}]},"2":{"line":82,"type":"if","locations":[{"start":{"line":82,"column":2},"end":{"line":82,"column":2}},{"start":{"line":82,"column":2},"end":{"line":82,"column":2}}]},"3":{"line":86,"type":"if","locations":[{"start":{"line":86,"column":4},"end":{"line":86,"column":4}},{"start":{"line":86,"column":4},"end":{"line":86,"column":4}}]},"4":{"line":89,"type":"if","locations":[{"start":{"line":89,"column":4},"end":{"line":89,"column":4}},{"start":{"line":89,"column":4},"end":{"line":89,"column":4}}]}},"code":["'use strict';","","/**"," * Module dependencies."," */","","var through = require('through2');","var drafts = require('gulp-drafts');","var es = require('event-stream');","var vfs = require('vinyl-fs');","var _ = require('lodash');","var cache = {};","","/**"," * Local dependencies"," */","","var plugins = require('./plugins');","","/**"," * Default `src` plugins to run."," *"," * To disable a plugin:"," *"," * ```js"," * app.disable('src:foo plugin');"," * ```"," */","","exports.src = function(app, glob, opts) {","  opts = _.merge({}, app.options, opts);","  cache = opts;","","  return createStack(app, {","    'src:vfs': vfs.src(glob, opts),","    'src:init': plugins.init.call(app, opts),","    'src:lint': plugins.lint.call(app, opts),","    'src:conflicts': plugins.conflicts.call(app, opts),","    'src:drafts': drafts.call(app, opts)","  });","};","","/**"," * Default `dest` plugins to run."," *"," * To disable a plugin:"," *"," * ```js"," * app.disable('dest:bar plugin');"," * ```"," */","","exports.dest = function (app, dest, opts) {","  opts = _.merge({}, app.options, cache, opts);","  opts.locals = opts.locals || {};","","  return createStack(app, {","    'dest:paths': plugins.dest.call(app, dest, opts.locals, opts),","    'dest:render': plugins.render.call(app, opts.locals, opts),","    'dest:reflinks': plugins.reflinks.call(app, opts.locals, opts),","    'dest:comments': plugins.comments.call(app),","    'dest:format': plugins.format.call(app, opts.locals, opts),","    'dest:vfs': vfs.dest(dest, opts)","  });","};","","/**"," * Create the default plugin stack based on user settings."," *"," * Disable a plugin by passing the name of the plugin + ` plugin`"," * to `app.disable()`,"," *"," * **Example:**"," *"," * ```js"," * app.disable('src:foo plugin');"," * app.disable('src:bar plugin');"," * ```"," */","","function createStack(app, plugins) {","  if (app.enabled('minimal config')) {","    return es.pipe.apply(es, []);","  }","  function enabled(acc, plugin, name) {","    if (plugin == null) {","      acc.push(through.obj());","    }","    if (app.enabled(name + ' plugin')) {","      acc.push(plugin);","    }","    return acc;","  }","  var arr = _.reduce(plugins, enabled, []);","  return es.pipe.apply(es, arr);","}",""],"l":{"7":1,"8":1,"9":1,"10":1,"11":1,"12":1,"18":1,"30":1,"31":0,"32":0,"34":0,"53":1,"54":0,"55":0,"57":0,"81":1,"82":0,"83":0,"85":1,"86":0,"87":0,"89":0,"90":0,"92":0,"94":0,"95":0}},"/home/travis/build/npmtest/node-npmtest-verb/node_modules/verb/lib/plugins/index.js":{"path":"/home/travis/build/npmtest/node-npmtest-verb/node_modules/verb/lib/plugins/index.js","s":{"1":1},"b":{},"f":{},"fnMap":{},"statementMap":{"1":{"start":{"line":1,"column":0},"end":{"line":1,"column":52}}},"branchMap":{},"code":["module.exports = require('export-files')(__dirname);",""],"l":{"1":1}},"/home/travis/build/npmtest/node-npmtest-verb/node_modules/verb/lib/plugins/comments.js":{"path":"/home/travis/build/npmtest/node-npmtest-verb/node_modules/verb/lib/plugins/comments.js","s":{"1":1,"2":1,"3":1,"4":1,"5":0,"6":0,"7":0,"8":0,"9":0,"10":0,"11":0,"12":0,"13":0,"14":0,"15":0,"16":0,"17":0,"18":0,"19":0,"20":1,"21":0,"22":1,"23":0,"24":1,"25":0,"26":0,"27":1,"28":0,"29":0,"30":0,"31":0,"32":0,"33":0,"34":0,"35":0,"36":0},"b":{"1":[0,0],"2":[0,0],"3":[0,0],"4":[0,0]},"f":{"1":0,"2":0,"3":0,"4":0,"5":0,"6":0},"fnMap":{"1":{"name":"(anonymous_1)","line":7,"loc":{"start":{"line":7,"column":17},"end":{"line":7,"column":28}}},"2":{"name":"(anonymous_2)","line":10,"loc":{"start":{"line":10,"column":21},"end":{"line":10,"column":46}}},"3":{"name":"stripHbsComments","line":34,"loc":{"start":{"line":34,"column":0},"end":{"line":34,"column":37}}},"4":{"name":"stripTmplComments","line":38,"loc":{"start":{"line":38,"column":0},"end":{"line":38,"column":38}}},"5":{"name":"stripHtmlComments","line":42,"loc":{"start":{"line":42,"column":0},"end":{"line":42,"column":38}}},"6":{"name":"strip","line":47,"loc":{"start":{"line":47,"column":0},"end":{"line":47,"column":34}}}},"statementMap":{"1":{"start":{"line":3,"column":0},"end":{"line":3,"column":39}},"2":{"start":{"line":4,"column":0},"end":{"line":4,"column":34}},"3":{"start":{"line":5,"column":0},"end":{"line":5,"column":42}},"4":{"start":{"line":7,"column":0},"end":{"line":32,"column":2}},"5":{"start":{"line":8,"column":2},"end":{"line":8,"column":56}},"6":{"start":{"line":10,"column":2},"end":{"line":31,"column":5}},"7":{"start":{"line":11,"column":4},"end":{"line":14,"column":5}},"8":{"start":{"line":12,"column":6},"end":{"line":12,"column":22}},"9":{"start":{"line":13,"column":6},"end":{"line":13,"column":18}},"10":{"start":{"line":16,"column":4},"end":{"line":30,"column":5}},"11":{"start":{"line":18,"column":6},"end":{"line":18,"column":41}},"12":{"start":{"line":19,"column":6},"end":{"line":19,"column":40}},"13":{"start":{"line":20,"column":6},"end":{"line":20,"column":41}},"14":{"start":{"line":21,"column":6},"end":{"line":21,"column":41}},"15":{"start":{"line":24,"column":6},"end":{"line":24,"column":38}},"16":{"start":{"line":25,"column":6},"end":{"line":25,"column":22}},"17":{"start":{"line":26,"column":6},"end":{"line":26,"column":18}},"18":{"start":{"line":28,"column":6},"end":{"line":28,"column":81}},"19":{"start":{"line":29,"column":6},"end":{"line":29,"column":18}},"20":{"start":{"line":34,"column":0},"end":{"line":36,"column":1}},"21":{"start":{"line":35,"column":2},"end":{"line":35,"column":39}},"22":{"start":{"line":38,"column":0},"end":{"line":40,"column":1}},"23":{"start":{"line":39,"column":2},"end":{"line":39,"column":40}},"24":{"start":{"line":42,"column":0},"end":{"line":45,"column":1}},"25":{"start":{"line":43,"column":2},"end":{"line":43,"column":46}},"26":{"start":{"line":44,"column":2},"end":{"line":44,"column":46}},"27":{"start":{"line":47,"column":0},"end":{"line":58,"column":1}},"28":{"start":{"line":48,"column":2},"end":{"line":48,"column":55}},"29":{"start":{"line":48,"column":44},"end":{"line":48,"column":55}},"30":{"start":{"line":49,"column":2},"end":{"line":49,"column":26}},"31":{"start":{"line":50,"column":2},"end":{"line":50,"column":29}},"32":{"start":{"line":52,"column":2},"end":{"line":56,"column":3}},"33":{"start":{"line":53,"column":4},"end":{"line":53,"column":53}},"34":{"start":{"line":54,"column":4},"end":{"line":54,"column":24}},"35":{"start":{"line":55,"column":4},"end":{"line":55,"column":27}},"36":{"start":{"line":57,"column":2},"end":{"line":57,"column":13}}},"branchMap":{"1":{"line":11,"type":"if","locations":[{"start":{"line":11,"column":4},"end":{"line":11,"column":4}},{"start":{"line":11,"column":4},"end":{"line":11,"column":4}}]},"2":{"line":48,"type":"if","locations":[{"start":{"line":48,"column":2},"end":{"line":48,"column":2}},{"start":{"line":48,"column":2},"end":{"line":48,"column":2}}]},"3":{"line":48,"type":"binary-expr","locations":[{"start":{"line":48,"column":6},"end":{"line":48,"column":10}},{"start":{"line":48,"column":14},"end":{"line":48,"column":42}}]},"4":{"line":52,"type":"binary-expr","locations":[{"start":{"line":52,"column":9},"end":{"line":52,"column":17}},{"start":{"line":52,"column":21},"end":{"line":52,"column":29}}]}},"code":["'use strict';","","var extend = require('extend-shallow');","var through = require('through2');","var PluginError = require('plugin-error');","","module.exports = function() {","  var opts = extend({}, this.options, this.get('argv'));","","  return through.obj(function (file, enc, cb) {","    if (file.isNull()) {","      this.push(file);","      return cb();","    }","","    try {","      // strip code comments","      var str = file.contents.toString();","      str = stripHbsComments(str, opts);","      str = stripTmplComments(str, opts);","      str = stripHtmlComments(str, opts);","","      // rebuffer contents","      file.contents = new Buffer(str);","      this.push(file);","      return cb();","    } catch (err) {","      this.emit('error', new PluginError('comments plugin', err, {stack: true}));","      return cb();","    }","  });","};","","function stripHbsComments(str, opts) {","  return strip(str, '{{!', '}}', opts);","}","","function stripTmplComments(str, opts) {","  return strip(str, '{{#', '#}}', opts);","}","","function stripHtmlComments(str, opts) {","  str = strip(str, '<!-- strip', '-->', opts);","  return strip(str, '<!--strip', '-->', opts);","}","","function strip(str, lt, rt, opts) {","  if (opts && opts.stripComments === false) return str;","  var a = str.indexOf(lt);","  var b = str.indexOf(rt, a);","","  while (a !== -1 && b !== -1) {","    str = str.slice(0, a) + str.slice(b + rt.length);","    a = str.indexOf(lt);","    b = str.indexOf(rt, a);","  }","  return str;","}",""],"l":{"3":1,"4":1,"5":1,"7":1,"8":0,"10":0,"11":0,"12":0,"13":0,"16":0,"18":0,"19":0,"20":0,"21":0,"24":0,"25":0,"26":0,"28":0,"29":0,"34":1,"35":0,"38":1,"39":0,"42":1,"43":0,"44":0,"47":1,"48":0,"49":0,"50":0,"52":0,"53":0,"54":0,"55":0,"57":0}},"/home/travis/build/npmtest/node-npmtest-verb/node_modules/verb/lib/plugins/conflicts.js":{"path":"/home/travis/build/npmtest/node-npmtest-verb/node_modules/verb/lib/plugins/conflicts.js","s":{"1":1,"2":1,"3":1,"4":1,"5":1,"6":1,"7":1,"8":0,"9":0,"10":0,"11":0,"12":0,"13":0,"14":0,"15":0,"16":0,"17":0,"18":0,"19":0,"20":0,"21":0,"22":0,"23":0,"24":0,"25":0,"26":0,"27":0,"28":0,"29":0,"30":0,"31":0,"32":0,"33":0,"34":0,"35":0,"36":0,"37":0,"38":0,"39":0,"40":0,"41":0,"42":0,"43":0,"44":0,"45":0,"46":0,"47":0,"48":0,"49":0,"50":0,"51":0,"52":0,"53":0,"54":0,"55":0,"56":0,"57":0,"58":0,"59":0,"60":1,"61":0,"62":0,"63":0,"64":0,"65":0,"66":0,"67":1,"68":0,"69":1,"70":0,"71":0,"72":0,"73":0,"74":0,"75":0,"76":1,"77":0,"78":0,"79":0,"80":0,"81":0,"82":0,"83":0,"84":0,"85":0,"86":0,"87":0,"88":0,"89":0,"90":0,"91":1,"92":0,"93":0,"94":0,"95":0,"96":0,"97":0,"98":0,"99":0,"100":0,"101":0,"102":0,"103":0,"104":0,"105":0,"106":0,"107":1,"108":0},"b":{"1":[0,0],"2":[0,0],"3":[0,0],"4":[0,0],"5":[0,0],"6":[0,0],"7":[0,0],"8":[0,0],"9":[0,0],"10":[0,0],"11":[0,0],"12":[0,0],"13":[0,0],"14":[0,0],"15":[0,0],"16":[0,0],"17":[0,0],"18":[0,0],"19":[0,0],"20":[0,0],"21":[0,0],"22":[0,0]},"f":{"1":0,"2":0,"3":0,"4":0,"5":0,"6":0,"7":0,"8":0,"9":0,"10":0,"11":0},"fnMap":{"1":{"name":"(anonymous_1)","line":10,"loc":{"start":{"line":10,"column":17},"end":{"line":10,"column":35}}},"2":{"name":"(anonymous_2)","line":20,"loc":{"start":{"line":20,"column":21},"end":{"line":20,"column":46}}},"3":{"name":"noop","line":87,"loc":{"start":{"line":87,"column":0},"end":{"line":87,"column":20}}},"4":{"name":"(anonymous_4)","line":88,"loc":{"start":{"line":88,"column":9},"end":{"line":88,"column":21}}},"5":{"name":"namespace","line":98,"loc":{"start":{"line":98,"column":0},"end":{"line":98,"column":30}}},"6":{"name":"helpers","line":102,"loc":{"start":{"line":102,"column":0},"end":{"line":102,"column":22}}},"7":{"name":"problematic","line":115,"loc":{"start":{"line":115,"column":0},"end":{"line":115,"column":50}}},"8":{"name":"message","line":142,"loc":{"start":{"line":142,"column":0},"end":{"line":142,"column":38}}},"9":{"name":"(anonymous_9)","line":151,"loc":{"start":{"line":151,"column":14},"end":{"line":151,"column":29}}},"10":{"name":"(anonymous_10)","line":159,"loc":{"start":{"line":159,"column":14},"end":{"line":159,"column":29}}},"11":{"name":"s","line":166,"loc":{"start":{"line":166,"column":0},"end":{"line":166,"column":16}}}},"statementMap":{"1":{"start":{"line":3,"column":0},"end":{"line":3,"column":42}},"2":{"start":{"line":4,"column":0},"end":{"line":4,"column":36}},"3":{"start":{"line":5,"column":0},"end":{"line":5,"column":34}},"4":{"start":{"line":6,"column":0},"end":{"line":6,"column":36}},"5":{"start":{"line":7,"column":0},"end":{"line":7,"column":30}},"6":{"start":{"line":8,"column":0},"end":{"line":8,"column":26}},"7":{"start":{"line":10,"column":0},"end":{"line":85,"column":2}},"8":{"start":{"line":11,"column":2},"end":{"line":11,"column":38}},"9":{"start":{"line":12,"column":2},"end":{"line":12,"column":42}},"10":{"start":{"line":13,"column":2},"end":{"line":13,"column":17}},"11":{"start":{"line":15,"column":2},"end":{"line":18,"column":3}},"12":{"start":{"line":16,"column":4},"end":{"line":16,"column":18}},"13":{"start":{"line":17,"column":4},"end":{"line":17,"column":51}},"14":{"start":{"line":20,"column":2},"end":{"line":84,"column":5}},"15":{"start":{"line":21,"column":4},"end":{"line":24,"column":5}},"16":{"start":{"line":22,"column":6},"end":{"line":22,"column":22}},"17":{"start":{"line":23,"column":6},"end":{"line":23,"column":18}},"18":{"start":{"line":26,"column":4},"end":{"line":29,"column":5}},"19":{"start":{"line":27,"column":6},"end":{"line":27,"column":22}},"20":{"start":{"line":28,"column":6},"end":{"line":28,"column":18}},"21":{"start":{"line":31,"column":4},"end":{"line":83,"column":5}},"22":{"start":{"line":32,"column":6},"end":{"line":32,"column":41}},"23":{"start":{"line":33,"column":6},"end":{"line":33,"column":29}},"24":{"start":{"line":34,"column":6},"end":{"line":34,"column":68}},"25":{"start":{"line":35,"column":6},"end":{"line":35,"column":17}},"26":{"start":{"line":37,"column":6},"end":{"line":40,"column":7}},"27":{"start":{"line":38,"column":8},"end":{"line":38,"column":24}},"28":{"start":{"line":39,"column":8},"end":{"line":39,"column":20}},"29":{"start":{"line":42,"column":6},"end":{"line":42,"column":19}},"30":{"start":{"line":43,"column":6},"end":{"line":43,"column":60}},"31":{"start":{"line":44,"column":6},"end":{"line":44,"column":38}},"32":{"start":{"line":45,"column":6},"end":{"line":45,"column":30}},"33":{"start":{"line":46,"column":6},"end":{"line":46,"column":20}},"34":{"start":{"line":48,"column":6},"end":{"line":48,"column":38}},"35":{"start":{"line":49,"column":6},"end":{"line":49,"column":44}},"36":{"start":{"line":51,"column":6},"end":{"line":75,"column":7}},"37":{"start":{"line":52,"column":8},"end":{"line":52,"column":34}},"38":{"start":{"line":53,"column":8},"end":{"line":53,"column":53}},"39":{"start":{"line":54,"column":8},"end":{"line":54,"column":51}},"40":{"start":{"line":55,"column":8},"end":{"line":60,"column":9}},"41":{"start":{"line":56,"column":10},"end":{"line":56,"column":40}},"42":{"start":{"line":57,"column":10},"end":{"line":57,"column":53}},"43":{"start":{"line":58,"column":10},"end":{"line":58,"column":31}},"44":{"start":{"line":59,"column":10},"end":{"line":59,"column":37}},"45":{"start":{"line":62,"column":8},"end":{"line":62,"column":57}},"46":{"start":{"line":63,"column":8},"end":{"line":68,"column":9}},"47":{"start":{"line":64,"column":10},"end":{"line":64,"column":41}},"48":{"start":{"line":65,"column":10},"end":{"line":65,"column":54}},"49":{"start":{"line":66,"column":10},"end":{"line":66,"column":36}},"50":{"start":{"line":67,"column":10},"end":{"line":67,"column":42}},"51":{"start":{"line":70,"column":8},"end":{"line":74,"column":9}},"52":{"start":{"line":71,"column":10},"end":{"line":71,"column":31}},"53":{"start":{"line":72,"column":10},"end":{"line":72,"column":44}},"54":{"start":{"line":73,"column":10},"end":{"line":73,"column":31}},"55":{"start":{"line":77,"column":6},"end":{"line":77,"column":47}},"56":{"start":{"line":78,"column":6},"end":{"line":78,"column":22}},"57":{"start":{"line":79,"column":6},"end":{"line":79,"column":18}},"58":{"start":{"line":81,"column":6},"end":{"line":81,"column":82}},"59":{"start":{"line":82,"column":6},"end":{"line":82,"column":18}},"60":{"start":{"line":87,"column":0},"end":{"line":96,"column":1}},"61":{"start":{"line":88,"column":2},"end":{"line":95,"column":4}},"62":{"start":{"line":89,"column":4},"end":{"line":89,"column":17}},"63":{"start":{"line":90,"column":4},"end":{"line":90,"column":41}},"64":{"start":{"line":91,"column":4},"end":{"line":91,"column":16}},"65":{"start":{"line":92,"column":4},"end":{"line":92,"column":43}},"66":{"start":{"line":93,"column":4},"end":{"line":93,"column":46}},"67":{"start":{"line":98,"column":0},"end":{"line":100,"column":1}},"68":{"start":{"line":99,"column":2},"end":{"line":99,"column":57}},"69":{"start":{"line":102,"column":0},"end":{"line":113,"column":1}},"70":{"start":{"line":103,"column":2},"end":{"line":103,"column":65}},"71":{"start":{"line":104,"column":2},"end":{"line":105,"column":10}},"72":{"start":{"line":107,"column":2},"end":{"line":111,"column":3}},"73":{"start":{"line":108,"column":4},"end":{"line":110,"column":5}},"74":{"start":{"line":109,"column":6},"end":{"line":109,"column":32}},"75":{"start":{"line":112,"column":2},"end":{"line":112,"column":13}},"76":{"start":{"line":115,"column":0},"end":{"line":140,"column":1}},"77":{"start":{"line":116,"column":2},"end":{"line":116,"column":45}},"78":{"start":{"line":117,"column":2},"end":{"line":117,"column":55}},"79":{"start":{"line":118,"column":2},"end":{"line":118,"column":51}},"80":{"start":{"line":119,"column":2},"end":{"line":119,"column":63}},"81":{"start":{"line":121,"column":2},"end":{"line":122,"column":11}},"82":{"start":{"line":123,"column":2},"end":{"line":123,"column":27}},"83":{"start":{"line":125,"column":2},"end":{"line":136,"column":3}},"84":{"start":{"line":126,"column":4},"end":{"line":126,"column":30}},"85":{"start":{"line":128,"column":4},"end":{"line":130,"column":5}},"86":{"start":{"line":129,"column":6},"end":{"line":129,"column":21}},"87":{"start":{"line":133,"column":4},"end":{"line":135,"column":5}},"88":{"start":{"line":134,"column":6},"end":{"line":134,"column":21}},"89":{"start":{"line":138,"column":2},"end":{"line":138,"column":31}},"90":{"start":{"line":139,"column":2},"end":{"line":139,"column":23}},"91":{"start":{"line":142,"column":0},"end":{"line":164,"column":1}},"92":{"start":{"line":143,"column":2},"end":{"line":143,"column":23}},"93":{"start":{"line":143,"column":16},"end":{"line":143,"column":23}},"94":{"start":{"line":144,"column":2},"end":{"line":144,"column":57}},"95":{"start":{"line":146,"column":2},"end":{"line":146,"column":22}},"96":{"start":{"line":147,"column":
[...]
1,"2":1,"3":0,"4":0,"5":0,"6":0,"7":0},"b":{"1":[0,0]},"f":{"1":0},"fnMap":{"1":{"name":"(anonymous_1)","line":10,"loc":{"start":{"line":10,"column":17},"end":{"line":10,"column":31}}}},"statementMap":{"1":{"start":{"line":3,"column":0},"end":{"line":3,"column":48}},"2":{"start":{"line":10,"column":0},"end":{"line":17,"column":2}},"3":{"start":{"line":11,"column":2},"end":{"line":11,"column":38}},"4":{"start":{"line":12,"column":2},"end":{"line":14,"column":3}},"5":{"start":{"line":13,"column":4},"end":{"line":13,"column":11}},"6":{"start":{"line":15,"column":2},"end":{"line":15,"column":51}},"7":{"start":{"line":16,"column":2},"end":{"line":16,"column":37}}},"branchMap":{"1":{"line":12,"type":"if","locations":[{"start":{"line":12,"column":2},"end":{"line":12,"column":2}},{"start":{"line":12,"column":2},"end":{"line":12,"column":2}}]}},"code":["'use strict';","","var stringify = require('stringify-travis-url');","","/**"," * Called in the `init` transform. Adds a `travis_url`"," * property to the context."," */","","module.exports = function(app) {","  var github = app.get('data.github');","  if (! github) {","    return;","  }","  var travis = stringify(github.user, github.repo);","  app.set('data.travis_url', travis);","};",""],"l":{"3":1,"10":1,"11":0,"12":0,"13":0,"15":0,"16":0}},"/home/travis/build/npmtest/node-npmtest-verb/node_modules/verb/lib/transforms/env/user.js":{"path":"/home/travis/build/npmtest/node-npmtest-verb/node_modules/verb/lib/transforms/env/user.js","s":{"1":1,"2":0},"b":{},"f":{"1":0},"fnMap":{"1":{"name":"(anonymous_1)","line":8,"loc":{"start":{"line":8,"column":17},"end":{"line":8,"column":31}}}},"statementMap":{"1":{"start":{"line":8,"column":0},"end":{"line":10,"column":2}},"2":{"start":{"line":9,"column":2},"end":{"line":9,"column":60}}},"branchMap":{},"code":["'use strict';","","/**"," * Called in the `init` transform. Adds `user` and `username`"," * for the current project to the context."," */","","module.exports = function(app) {","  app.set('data.username', app.get('data.github.username'));","};",""],"l":{"8":1,"9":0}},"/home/travis/build/npmtest/node-npmtest-verb/node_modules/verb/lib/transforms/env/username.js":{"path":"/home/travis/build/npmtest/node-npmtest-verb/node_modules/verb/lib/transforms/env/username.js","s":{"1":1,"2":1,"3":0,"4":0,"5":0,"6":0,"7":0,"8":0,"9":0},"b":{"1":[0,0],"2":[0,0],"3":[0,0],"4":[0,0,0]},"f":{"1":0},"fnMap":{"1":{"name":"(anonymous_1)","line":11,"loc":{"start":{"line":11,"column":17},"end":{"line":11,"column":31}}}},"statementMap":{"1":{"start":{"line":3,"column":0},"end":{"line":3,"column":41}},"2":{"start":{"line":11,"column":0},"end":{"line":21,"column":2}},"3":{"start":{"line":12,"column":2},"end":{"line":20,"column":3}},"4":{"start":{"line":13,"column":4},"end":{"line":13,"column":40}},"5":{"start":{"line":14,"column":4},"end":{"line":19,"column":5}},"6":{"start":{"line":15,"column":6},"end":{"line":15,"column":38}},"7":{"start":{"line":16,"column":6},"end":{"line":16,"column":47}},"8":{"start":{"line":17,"column":6},"end":{"line":17,"column":44}},"9":{"start":{"line":18,"column":6},"end":{"line":18,"column":37}}},"branchMap":{"1":{"line":12,"type":"if","locations":[{"start":{"line":12,"column":2},"end":{"line":12,"column":2}},{"start":{"line":12,"column":2},"end":{"line":12,"column":2}}]},"2":{"line":14,"type":"if","locations":[{"start":{"line":14,"column":4},"end":{"line":14,"column":4}},{"start":{"line":14,"column":4},"end":{"line":14,"column":4}}]},"3":{"line":14,"type":"binary-expr","locations":[{"start":{"line":14,"column":8},"end":{"line":14,"column":38}},{"start":{"line":14,"column":42},"end":{"line":14,"column":69}}]},"4":{"line":16,"type":"binary-expr","locations":[{"start":{"line":16,"column":18},"end":{"line":16,"column":24}},{"start":{"line":16,"column":28},"end":{"line":16,"column":39}},{"start":{"line":16,"column":44},"end":{"line":16,"column":46}}]}},"code":["'use strict';","","var github = require('parse-github-url');","","/**"," * Called in the `username` transform, if the `git` transform"," * was not able to find anything, this attempts to generate a"," * username from other fields."," */","","module.exports = function(app) {","  if (!app.get('data.github.username')) {","    var author = app.get('data.author');","    if (typeof author.url === 'string' && /\\/github/.test(author.url)) {","      var parsed = github(author.url);","      var user = (parsed && parsed.user) || '';","      app.set('data.github.username', user);","      app.set('data.username', user);","    }","  }","};",""],"l":{"3":1,"11":1,"12":0,"13":0,"14":0,"15":0,"16":0,"17":0,"18":0}},"/home/travis/build/npmtest/node-npmtest-verb/node_modules/verb/lib/helpers/apidocs.js":{"path":"/home/travis/build/npmtest/node-npmtest-verb/node_modules/verb/lib/helpers/apidocs.js","s":{"1":1,"2":1,"3":0,"4":0,"5":0,"6":0,"7":0,"8":0,"9":0,"10":0,"11":0,"12":0},"b":{"1":[0,0]},"f":{"1":0,"2":0,"3":0},"fnMap":{"1":{"name":"(anonymous_1)","line":4,"loc":{"start":{"line":4,"column":17},"end":{"line":4,"column":31}}},"2":{"name":"(anonymous_2)","line":5,"loc":{"start":{"line":5,"column":24},"end":{"line":5,"column":44}}},"3":{"name":"(anonymous_3)","line":16,"loc":{"start":{"line":16,"column":9},"end":{"line":16,"column":35}}}},"statementMap":{"1":{"start":{"line":2,"column":0},"end":{"line":2,"column":38}},"2":{"start":{"line":4,"column":0},"end":{"line":20,"column":2}},"3":{"start":{"line":5,"column":2},"end":{"line":14,"column":5}},"4":{"start":{"line":6,"column":4},"end":{"line":12,"column":5}},"5":{"start":{"line":7,"column":6},"end":{"line":11,"column":7}},"6":{"start":{"line":8,"column":8},"end":{"line":8,"column":34}},"7":{"start":{"line":9,"column":8},"end":{"line":9,"column":47}},"8":{"start":{"line":10,"column":8},"end":{"line":10,"column":44}},"9":{"start":{"line":13,"column":4},"end":{"line":13,"column":21}},"10":{"start":{"line":16,"column":2},"end":{"line":19,"column":3}},"11":{"start":{"line":17,"column":4},"end":{"line":17,"column":48}},"12":{"start":{"line":18,"column":4},"end":{"line":18,"column":24}}},"branchMap":{"1":{"line":7,"type":"if","locations":[{"start":{"line":7,"column":6},"end":{"line":7,"column":6}},{"start":{"line":7,"column":6},"end":{"line":7,"column":6}}]}},"code":["","var comments = require('js-comments');","","module.exports = function(app) {","  app.loader('apidocs', function(templates) {","    for (var key in templates) {","      if (templates.hasOwnProperty(key)) {","        var file = templates[key];","        var obj = comments.parse(file.content);","        file.content = comments.render(obj);","      }","    }","    return templates;","  });","","  return function (patterns, opts) {","    var view = app.lookup('comments', patterns);","    return view.content;","  }","};",""],"l":{"2":1,"4":1,"5":0,"6":0,"7":0,"8":0,"9":0,"10":0,"13":0,"16":0,"17":0,"18":0}},"/home/travis/build/npmtest/node-npmtest-verb/node_modules/verb/lib/helpers/async.js":{"path":"/home/travis/build/npmtest/node-npmtest-verb/node_modules/verb/lib/helpers/async.js","s":{"1":1,"2":1,"3":1,"4":1,"5":1,"6":0,"7":0,"8":0,"9":0,"10":0,"11":0},"b":{},"f":{"1":0},"fnMap":{"1":{"name":"(anonymous_1)","line":12,"loc":{"start":{"line":12,"column":17},"end":{"line":12,"column":31}}}},"statementMap":{"1":{"start":{"line":3,"column":0},"end":{"line":3,"column":42}},"2":{"start":{"line":4,"column":0},"end":{"line":4,"column":42}},"3":{"start":{"line":5,"column":0},"end":{"line":5,"column":42}},"4":{"start":{"line":6,"column":0},"end":{"line":6,"column":40}},"5":{"start":{"line":12,"column":0},"end":{"line":19,"column":2}},"6":{"start":{"line":13,"column":2},"end":{"line":13,"column":40}},"7":{"start":{"line":14,"column":2},"end":{"line":14,"column":40}},"8":{"start":{"line":15,"column":2},"end":{"line":15,"column":57}},"9":{"start":{"line":16,"column":2},"end":{"line":16,"column":48}},"10":{"start":{"line":17,"column":2},"end":{"line":17,"column":44}},"11":{"start":{"line":18,"column":2},"end":{"line":18,"column":41}}},"branchMap":{},"code":["'use strict';","","var helper = require('async-helper-base');","var example = require('./custom/example');","var reflinks = require('helper-reflinks');","var related = require('helper-related');","","/**"," * Transform for loading default async helpers"," */","","module.exports = function(app) {","  app.asyncHelper('reflinks', reflinks);","  app.asyncHelper('related', related());","  app.asyncHelper('example', helper('example', example));","  app.asyncHelper('include', helper('include'));","  app.asyncHelper('badge', helper('badge'));","  app.asyncHelper('docs', helper('doc'));","};",""],"l":{"3":1,"4":1,"5":1,"6":1,"12":1,"13":0,"14":0,"15":0,"16":0,"17":0,"18":0}},"/home/travis/build/npmtest/node-npmtest-verb/node_modules/verb/lib/helpers/custom/example.js":{"path":"/home/travis/build/npmtest/node-npmtest-verb/node_modules/verb/lib/helpers/custom/example.js","s":{"1":1,"2":0,"3":0,"4":0,"5":0,"6":0,"7":0},"b":{"1":[0,0],"2":[0,0],"3":[0,0]},"f":{"1":0},"fnMap":{"1":{"name":"example","line":17,"loc":{"start":{"line":17,"column":17},"end":{"line":17,"column":45}}}},"statementMap":{"1":{"start":{"line":17,"column":0},"end":{"line":28,"column":2}},"2":{"start":{"line":18,"column":2},"end":{"line":20,"column":3}},"3":{"start":{"line":19,"column":4},"end":{"line":19,"column":60}},"4":{"start":{"line":22,"column":2},"end":{"line":22,"column":20}},"5":{"start":{"line":23,"column":2},"end":{"line":25,"column":3}},"6":{"start":{"line":24,"column":4},"end":{"line":24,"column":72}},"7":{"start":{"line":27,"column":2},"end":{"line":27,"column":13}}},"branchMap":{"1":{"line":18,"type":"if","locations":[{"start":{"line":18,"column":2},"end":{"line":18,"column":2}},{"start":{"line":18,"column":2},"end":{"line":18,"column":2}}]},"2":{"line":22,"type":"binary-expr","locations":[{"start":{"line":22,"column":9},"end":{"line":22,"column":13}},{"start":{"line":22,"column":17},"end":{"line":22,"column":19}}]},"3":{"line":23,"type":"if","locations":[{"start":{"line":23,"column":2},"end":{"line":23,"column":2}},{"start":{"line":23,"column":2},"end":{"line":23,"column":2}}]}},"code":["'use strict';","","/**"," * Create a code example from the contents of the specified"," * JavaScript file."," *"," * ```js"," * {%%= example(\"foo\", {name: \"my-module\"}) %}"," * ```"," *"," * @param  {String} `fp` The path of the file to include."," * @param  {String} `options`"," *   @option {String} `name` Replace `./` in `require('./')` with the given name."," * @return {String}"," */","","module.exports = function example(str, opts) {","  if (typeof str !== 'string') {","    throw new TypeError('example-helper expects a string.');","  }","","  opts = opts || {};","  if (opts.name) {","    str = str.split(/\\(['\"]\\.\\/['\"]\\)/).join('(\\'' + opts.name + '\\')');","  }","","  return str;","};",""],"l":{"17":1,"18":0,"19":0,"22":0,"23":0,"24":0,"27":0}},"/home/travis/build/npmtest/node-npmtest-verb/node_modules/verb/lib/helpers/collections.js":{"path":"/home/travis/build/npmtest/node-npmtest-verb/node_modules/verb/lib/helpers/collections.js","s":{"1":1,"2":1,"3":0,"4":0,"5":0,"6":0,"7":0,"8":0,"9":0,"10":0},"b":{},"f":{"1":0},"fnMap":{"1":{"name":"(anonymous_1)","line":22,"loc":{"start":{"line":22,"column":17},"end":{"line":22,"column":31}}}},"statementMap":{"1":{"start":{"line":3,"column":0},"end":{"line":3,"column":26}},"2":{"start":{"line":22,"column":0},"end":{"line":35,"column":2}},"3":{"start":{"line":23,"column":2},"end":{"line":23,"column":34}},"4":{"start":{"line":24,"column":2},"end":{"line":24,"column":42}},"5":{"start":{"line":27,"column":2},"end":{"line":27,"column":42}},"6":{"start":{"line":28,"column":2},"end":{"line":28,"column":48}},"7":{"start":{"line":29,"column":2},"end":{"line":29,"column":43}},"8":{"start":{"line":32,"column":2},"end":{"line":32,"column":44}},"9":{"start":{"line":33,"column":2},"end":{"line":33,"column":60}},"10":{"start":{"line":34,"column":2},"end":{"line":34,"column":36}}},"branchMap":{},"code":["'use strict';","","var _ = require('lodash');","","/**"," * Transform for loading helper collections"," *"," *  - Loads template-helpers"," *  - Loads logging-helpers"," *  - Exposes markdown-utils as helpers"," *  - exposes path helpers on the `path.` property"," *"," * ```js"," * {%= mdu.link(author.name, author.url) %}"," * //=> [Jon Schlinkert](https://github.com/jonschlinkert)"," *"," * {%= path.extname(\"foo.md\") %}"," * //=> '.md'"," * ```"," */","","module.exports = function(app) {","  app.helpers({console: console});","  app.helpers(require('logging-helpers'));","","  // namespaced helpers","  app.helpers({fn: require('./custom/')});","  app.helpers({mdu: require('markdown-utils')});","  app.helpers({mm: require('micromatch')});","","  // remove `path` helpers from root and add them to `path.`","  var helpers = require('template-helpers');","  app.helpers(_.omit(helpers._, Object.keys(helpers.path)));","  app.helpers({path: helpers.path});","};",""],"l":{"3":1,"22":1,"23":0,"24":0,"27":0,"28":0,"29":0,"32":0,"33":0,"34":0}},"/home/travis/build/npmtest/node-npmtest-verb/node_modules/verb/lib/helpers/sync.js":{"path":"/home/travis/build/npmtest/node-npmtest-verb/node_modules/verb/lib/helpers/sync.js","s":{"1":1,"2":0,"3":0,"4":0,"5":0,"6":0,"7":0,"8":0,"9":0,"10":0,"11":0},"b":{},"f":{"1":0},"fnMap":{"1":{"name":"(anonymous_1)","line":7,"loc":{"start":{"line":7,"column":17},"end":{"line":7,"column":31}}}},"statementMap":{"1":{"start":{"line":7,"column":0},"end":{"line":18,"column":2}},"2":{"start":{"line":8,"column":2},"end":{"line":8,"column":45}},"3":{"start":{"line":9,"column":2},"end":{"line":9,"column":60}},"4":{"start":{"line":10,"column":2},"end":{"line":10,"column":67}},"5":{"start":{"line":11,"column":2},"end":{"line":11,"column":60}},"6":{"start":{"line":12,"column":2},"end":{"line":12,"column":60}},"7":{"start":{"line":13,"column":2},"end":{"line":13,"column":55}},"8":{"start":{"line":14,"column":2},"end":{"line":14,"column":53}},"9":{"start":{"line":15,"column":2},"end":{"line":15,"column":51}},"10":{"start":{"line":16,"column":2},"end":{"line":16,"column":46}},"11":{"start":{"line":17,"column":2},"end":{"line":17,"column":38}}},"branchMap":{},"code":["'use strict';","","/**"," * Transform for loading default sync helpers"," */","","module.exports = function(app) {","  app.helper('date', require('helper-date'));","  app.helper('apidocs', require('template-helper-apidocs'));","  app.helper('multiToc', require('helper-toc')(app.option('toc')));","  app.helper('codelinks', require('helper-codelinks')(app));","  app.helper('changelog', require('helper-changelog')(app));","  app.helper('copyright', require('helper-copyright'));","  app.helper('coverage', require('helper-coverage'));","  app.helper('license', require('helper-license'));","  app.helper('relative', require('relative'));","  app.helper('year', require('year'));","};",""],"l":{"7":1,"8":0,"9":0,"10":0,"11":0,"12":0,"13":0,"14":0,"15":0,"16":0,"17":0}},"/home/travis/build/npmtest/node-npmtest-verb/node_modules/verb/lib/helpers/custom/github.js":{"path":"/home/travis/build/npmtest/node-npmtest-verb/node_modules/verb/lib/helpers/custom/github.js","s":{"1":1},"b":{},"f":{},"fnMap":{},"statementMap":{"1":{"start":{"line":3,"column":0},"end":{"line":3,"column":64}}},"branchMap":{},"code":["'use strict';","","module.exports = require('../../utils').linkify('github', true);",""],"l":{"3":1}},"/home/travis/build/npmtest/node-npmtest-verb/node_modules/verb/lib/helpers/custom/linkify.js":{"path":"/home/travis/build/npmtest/node-npmtest-verb/node_modules/verb/lib/helpers/custom/linkify.js","s":{"1":1},"b":{},"f":{},"fnMap":{},"statementMap":{"1":{"start":{"line":3,"column":0},"end":{"line":3,"column":48}}},"branchMap":{},"code":["'use strict';","","module.exports = require('../../utils').linkify;",""],"l":{"3":1}},"/home/travis/build/npmtest/node-npmtest-verb/node_modules/verb/lib/helpers/custom/resolve.js":{"path":"/home/travis/build/npmtest/node-npmtest-verb/node_modules/verb/lib/helpers/custom/resolve.js","s":{"1":1,"2":1,"3":0},"b":{"1":[0,0]},"f":{"1":0},"fnMap":{"1":{"name":"resolve_","line":23,"loc":{"start":{"line":23,"column":17},"end":{"line":23,"column":46}}}},"statementMap":{"1":{"start":{"line":3,"column":0},"end":{"line":3,"column":40}},"2":{"start":{"line":23,"column":0},"end":{"line":25,"column":2}},"3":{"start":{"line":24,"column":2},"end":{"line":24,"column":68}}},"branchMap":{"1":{"line":24,"type":"cond-expr","locations":[{"start":{"line":24,"column":54},"end":{"line":24,"column":57}},{"start":{"line":24,"column":60},"end":{"line":24,"column":66}}]}},"code":["'use strict';","","var resolve = require('helper-resolve');","","/**"," * Return a property from the package.json of the specified module."," * _(The module must be installed in `node_modules`)_."," *"," * ```js"," * {%%= resolve(\"micromatch\") %}"," * //=> 'node_modules/micromatch/index.js'"," *"," * {%%= resolve(\"micromatch\", \"version\") %}"," * //=> '2.2.0'"," * ```"," *"," * @param  {String} `fp` The path of the file to include."," * @param  {String} `options`"," *   @option {String} `name` Replace `./` in `require('./')` with the given name."," * @return {String}"," */","","module.exports = function resolve_(name, key) {","  return resolve.sync(name)[typeof key === 'string' ? key : 'main'];","};",""],"l":{"3":1,"23":1,"24":0}},"/home/travis/build/npmtest/node-npmtest-verb/node_modules/verb/lib/helpers/custom/shield.js":{"path":"/home/travis/build/npmtest/node-npmtest-verb/node_modules/verb/lib/helpers/custom/shield.js","s":{"1":1,"2":1,"3":0,"4":0,"5":0,"6":0,"7":0,"8":0,"9":0},"b":{},"f":{"1":0,"2":0},"fnMap":{"1":{"name":"(anonymous_1)","line":11,"loc":{"start":{"line":11,"column":17},"end":{"line":11,"column":33}}},"2":{"name":"shield","line":20,"loc":{"start":{"line":20,"column":9},"end":{"line":20,"column":39}}}},"statementMap":{"1":{"start":{"line":3,"column":0},"end":{"line":3,"column":26}},"2":{"start":{"line":11,"column":0},"end":{"line":24,"column":2}},"3":{"start":{"line":12,"column":2},"end":{"line":12,"column":128}},"4":{"start":{"line":14,"column":2},"end":{"line":14,"column":130}},"5":{"start":{"line":16,"column":2},"end":{"line":16,"column":143}},"6":{"start":{"line":18,"column":2},"end":{"line":18,"column":125}},"7":{"start":{"line":20,"column":2},"end":{"line":23,"column":4}},"8":{"start":{"line":21,"column":4},"end":{"line":21,"column":49}},"9":{"start":{"line":22,"column":4},"end":{"line":22,"column":57}}},"branchMap":{},"code":["'use strict';","","var _ = require('lodash');","","/**"," * Transform for loading the `{%= shield() %}` helper"," * These aren't really implemented yet. this is a"," * placeholder for better logic"," */","","module.exports = function (verb) {","  verb.badge('npm', '[![{%= name %}](http://img.shields.io/npm/v/{%= name %}.svg)](https://www.npmjs.org/package/{%= name %})');","","  verb.badge('npm2', '[![{%= name %}](http://img.shields.io/npm/dm/{%= name %}.svg)](https://www.npmjs.org/package/{%= name %})');","","  verb.badge('nodei', '[![{%= name %}](https://nodei.co/npm/{%= name %}.png?downloads=true \"{%= name %}\")](https://nodei.co/npm/{%= name %})');","","  verb.badge('travis', '[![Build Status](http://img.shields.io/travis/{%= name %}.svg)](https://travis-ci.org/{%= name %})');","","  return function shield(name, locals) {","    var ctx = _.extend({}, this.context, locals);","    return this.app.render(verb.views.badges[name], ctx);","  };","};",""],"l":{"3":1,"11":1,"12":0,"14":0,"16":0,"18":0,"20":0,"21":0,"22":0}},"/home/travis/build/npmtest/node-npmtest-verb/node_modules/verb/lib/helpers/custom/twitter.js":{"path":"/home/travis/build/npmtest/node-npmtest-verb/node_modules/verb/lib/helpers/custom/twitter.js","s":{"1":1},"b":{},"f":{},"fnMap":{},"statementMap":{"1":{"start":{"line":3,"column":0},"end":{"line":3,"column":59}}},"branchMap":{},"code":["'use strict';","","module.exports = require('../../utils').linkify('twitter');",""],"l":{"3":1}}}